{"logTime": "0104/154709", "correlationVector":"SCRMxj2WzmqddBp9A+DxYr.1","action":"SyncServerConnectionManagerRequest", "result":"SYNC_SERVER_OK", "context":{"environment":"Prod_SoutheastAsia_000j", "migrationStage":"NotStarted", "server":"GENERAL0100001K"}}
{"logTime": "0104/154709", "correlationVector":"SCRMxj2WzmqddBp9A+DxYr","action":"Initial GetUpdates", "result":"", "context":Reason: NEW_CLIENT. cV=SCRMxj2WzmqddBp9A+DxYr}
{"logTime": "0104/154709", "correlationVector":"SCRMxj2WzmqddBp9A+DxYr.2","action":"GetUpdates Response", "result":"SYNCER_OK", "context":Received 1 update(s). cV=SCRMxj2WzmqddBp9A+DxYr.0;server=GENERAL0100001K;cloudType=Consumer;environment=Prod_SoutheastAsia_000j;migrationStage=NotStarted}
{"logTime": "0104/154710", "correlationVector":"mjWgIwfOc7gJNhHmzZzW0q","action":"SyncServerConnectionManagerRequest", "result":"SYNC_SERVER_OK", "context":{"environment":"", "migrationStage":"", "server":""}}
{"logTime": "0104/154711", "correlationVector":"snOvHzIJgbknWnmRtdLP0l","action":"Initial GetUpdates", "result":"", "context":Reason: NEW_CLIENT. cV=snOvHzIJgbknWnmRtdLP0l}
{"logTime": "0104/154711", "correlationVector":"snOvHzIJgbknWnmRtdLP0l.1","action":"SyncServerConnectionManagerRequest", "result":"SYNC_SERVER_OK", "context":{"environment":"Prod_SoutheastAsia_000j", "migrationStage":"NotStarted", "server":"GENERAL01000015"}}
{"logTime": "0104/154711", "correlationVector":"snOvHzIJgbknWnmRtdLP0l.2","action":"GetUpdates Response", "result":"SYNCER_OK", "context":Received 2 update(s). cV=snOvHzIJgbknWnmRtdLP0l.0;server=GENERAL01000015;cloudType=Consumer;environment=Prod_SoutheastAsia_000j;migrationStage=NotStarted}
{"logTime": "0104/154711", "correlationVector":"ihJb8wMeSe+8LSs1YjiIZe","action":"Normal GetUpdate request", "result":"", "context":cV=ihJb8wMeSe+8LSs1YjiIZe
Nudged types: Device Info, User Consents
Refresh requested types: Device Info, User Consents, Send Tab To Self, Encryption Keys}
{"logTime": "0104/154711", "correlationVector":"ihJb8wMeSe+8LSs1YjiIZe.1","action":"SyncServerConnectionManagerRequest", "result":"SYNC_SERVER_OK", "context":{"environment":"Prod_SoutheastAsia_000j", "migrationStage":"NotStarted", "server":"GENERAL03000022"}}
{"logTime": "0104/154711", "correlationVector":"ihJb8wMeSe+8LSs1YjiIZe.2","action":"GetUpdates Response", "result":"SYNCER_OK", "context":Received 0 update(s). cV=ihJb8wMeSe+8LSs1YjiIZe.0;server=GENERAL03000022;cloudType=Consumer;environment=Prod_SoutheastAsia_000j;migrationStage=NotStarted}
{"logTime": "0104/154711", "correlationVector":"2hRlhc7uvkPU15oXIVaIrs","action":"Commit Request", "result":"", "context":Item count: 1
Contributing types: Device Info}
{"logTime": "0104/154711", "correlationVector":"2hRlhc7uvkPU15oXIVaIrs.1","action":"SyncServerConnectionManagerRequest", "result":"SYNC_SERVER_OK", "context":{"environment":"Prod_SoutheastAsia_000j", "migrationStage":"NotStarted", "server":"GENERAL0300000V"}}
{"logTime": "0104/154712", "correlationVector":"2hRlhc7uvkPU15oXIVaIrs.2","action":"Commit Response", "result":"SYNCER_OK", "context":Result: SYNCER_OK. cV=2hRlhc7uvkPU15oXIVaIrs.0;server=GENERAL0300000V;cloudType=Consumer;environment=Prod_SoutheastAsia_000j;migrationStage=NotStarted}
{"logTime": "0104/154712", "correlationVector":"Vwtilwf554+8F482Y3gJK/","action":"Commit Request", "result":"", "context":Item count: 1
Contributing types: User Consents}
{"logTime": "0104/154712", "correlationVector":"Vwtilwf554+8F482Y3gJK/.1","action":"SyncServerConnectionManagerRequest", "result":"SYNC_SERVER_OK", "context":{"environment":"Prod_SoutheastAsia_000j", "migrationStage":"NotStarted", "server":"GENERAL0300000M"}}
{"logTime": "0104/154712", "correlationVector":"Vwtilwf554+8F482Y3gJK/.2","action":"Commit Response", "result":"SYNCER_OK", "context":Result: SYNCER_OK. cV=Vwtilwf554+8F482Y3gJK/.0;server=GENERAL0300000M;cloudType=Consumer;environment=Prod_SoutheastAsia_000j;migrationStage=NotStarted}
{"logTime": "0104/154712", "correlationVector":"DPk7Ndtc1mlVr3bP+nWybV","action":"Normal GetUpdate request", "result":"", "context":cV=DPk7Ndtc1mlVr3bP+nWybV
Nudged types: Device Info}
{"logTime": "0104/154713", "correlationVector":"DPk7Ndtc1mlVr3bP+nWybV.1","action":"SyncServerConnectionManagerRequest", "result":"SYNC_SERVER_OK", "context":{"environment":"Prod_SoutheastAsia_000j", "migrationStage":"NotStarted", "server":"GENERAL03000000"}}
{"logTime": "0104/154713", "correlationVector":"DPk7Ndtc1mlVr3bP+nWybV.2","action":"GetUpdates Response", "result":"SYNCER_OK", "context":Received 1 update(s). cV=DPk7Ndtc1mlVr3bP+nWybV.0;server=GENERAL03000000;cloudType=Consumer;environment=Prod_SoutheastAsia_000j;migrationStage=NotStarted}
{"logTime": "0104/160751", "correlationVector":"w+arYS1uFf8DZR5lzCnWAy.1","action":"SyncServerConnectionManagerRequest", "result":"SYNC_SERVER_OK", "context":{"environment":"Prod_SoutheastAsia_000j", "migrationStage":"NotStarted", "server":"GENERAL03000019"}}
{"logTime": "0104/160751", "correlationVector":"w+arYS1uFf8DZR5lzCnWAy","action":"Initial GetUpdates", "result":"", "context":Reason: NEW_CLIENT. cV=w+arYS1uFf8DZR5lzCnWAy}
{"logTime": "0104/160751", "correlationVector":"w+arYS1uFf8DZR5lzCnWAy.2","action":"GetUpdates Response", "result":"SYNCER_OK", "context":Received 1 update(s). cV=w+arYS1uFf8DZR5lzCnWAy.0;server=GENERAL03000019;cloudType=Consumer;environment=Prod_SoutheastAsia_000j;migrationStage=NotStarted}
{"logTime": "0104/160751", "correlationVector":"MCtpnjy8bWtK/ovSq25fKl","action":"Normal GetUpdate request", "result":"", "context":cV=MCtpnjy8bWtK/ovSq25fKl
Refresh requested types: Device Info, User Consents, Send Tab To Self, Encryption Keys}
{"logTime": "0104/160751", "correlationVector":"MCtpnjy8bWtK/ovSq25fKl.1","action":"SyncServerConnectionManagerRequest", "result":"SYNC_SERVER_OK", "context":{"environment":"Prod_SoutheastAsia_000j", "migrationStage":"NotStarted", "server":"GENERAL0300001T"}}
{"logTime": "0104/160751", "correlationVector":"MCtpnjy8bWtK/ovSq25fKl.2","action":"GetUpdates Response", "result":"SYNCER_OK", "context":Received 2 update(s). cV=MCtpnjy8bWtK/ovSq25fKl.0;server=GENERAL0300001T;cloudType=Consumer;environment=Prod_SoutheastAsia_000j;migrationStage=NotStarted}
{"logTime": "0104/160751", "correlationVector":"VYlH/PjXghlnNdW5TMWSzS","action":"Normal GetUpdate request", "result":"", "context":cV=VYlH/PjXghlnNdW5TMWSzS
Notified types: Device Info}
{"logTime": "0104/160751", "correlationVector":"VYlH/PjXghlnNdW5TMWSzS.1","action":"SyncServerConnectionManagerRequest", "result":"SYNC_SERVER_OK", "context":{"environment":"Prod_SoutheastAsia_000j", "migrationStage":"NotStarted", "server":"GENERAL0100000T"}}
{"logTime": "0104/160751", "correlationVector":"VYlH/PjXghlnNdW5TMWSzS.2","action":"GetUpdates Response", "result":"SYNCER_OK", "context":Received 0 update(s). cV=VYlH/PjXghlnNdW5TMWSzS.0;server=GENERAL0100000T;cloudType=Consumer;environment=Prod_SoutheastAsia_000j;migrationStage=NotStarted}
{"logTime": "0104/160753", "correlationVector":"2OUReMkF+IVf4Nzj+1jF1b","action":"SyncServerConnectionManagerRequest", "result":"SYNC_SERVER_OK", "context":{"environment":"", "migrationStage":"", "server":""}}
{"logTime": "0104/160753", "correlationVector":"e4VjMKYaMGSV7UNUdTzNcM","action":"Initial GetUpdates", "result":"", "context":Reason: RECONFIGURATION. cV=e4VjMKYaMGSV7UNUdTzNcM}
{"logTime": "0104/160753", "correlationVector":"e4VjMKYaMGSV7UNUdTzNcM.1","action":"SyncServerConnectionManagerRequest", "result":"SYNC_SERVER_OK", "context":{"environment":"Prod_SoutheastAsia_000j", "migrationStage":"NotStarted", "server":"GENERAL0100001J"}}
{"logTime": "0104/160753", "correlationVector":"e4VjMKYaMGSV7UNUdTzNcM.2","action":"GetUpdates", "result":"DeleteReceived", "context":{"id":"19ebf685-a434-49df-b100-fd697771780d", "isDeleted:":"true", "version":"1698236761986"}}
{"logTime": "0104/160753", "correlationVector":"e4VjMKYaMGSV7UNUdTzNcM.3","action":"GetUpdates Response", "result":"SYNCER_OK", "context":Received 51 update(s). cV=e4VjMKYaMGSV7UNUdTzNcM.0;server=GENERAL0100001J;cloudType=Consumer;environment=Prod_SoutheastAsia_000j;migrationStage=NotStarted}
{"logTime": "0104/160753", "correlationVector":"+NLxvrLQHLELekTaCWXzg6","action":"Initial GetUpdates", "result":"", "context":Reason: NEWLY_SUPPORTED_DATATYPE. cV=+NLxvrLQHLELekTaCWXzg6}
{"logTime": "0104/160754", "correlationVector":"+NLxvrLQHLELekTaCWXzg6.1","action":"SyncServerConnectionManagerRequest", "result":"SYNC_SERVER_OK", "context":{"environment":"Prod_SoutheastAsia_000j", "migrationStage":"NotStarted", "server":"GENERAL01000001"}}
{"logTime": "0104/160754", "correlationVector":"+NLxvrLQHLELekTaCWXzg6.2","action":"GetUpdates Response", "result":"SYNCER_OK", "context":Received 6 update(s). cV=+NLxvrLQHLELekTaCWXzg6.0;server=GENERAL01000001;cloudType=Consumer;environment=Prod_SoutheastAsia_000j;migrationStage=NotStarted}
{"logTime": "0104/160754", "correlationVector":"b+FEf2UnUWUGdXaIgQH3a/","action":"Initial GetUpdates", "result":"", "context":Reason: NEWLY_SUPPORTED_DATATYPE. cV=b+FEf2UnUWUGdXaIgQH3a/}
{"logTime": "0104/160755", "correlationVector":"b+FEf2UnUWUGdXaIgQH3a/.1","action":"SyncServerConnectionManagerRequest", "result":"SYNC_SERVER_OK", "context":{"environment":"Prod_SoutheastAsia_000j", "migrationStage":"NotStarted", "server":"GENERAL0300002E"}}
{"logTime": "0104/160755", "correlationVector":"b+FEf2UnUWUGdXaIgQH3a/.2","action":"GetUpdates", "result":"DeleteReceived", "context":{"id":"9a681336-a547-46c3-9b9c-5d9bf6955ceb", "isDeleted:":"true", "version":"1696653228137"}}
{"logTime": "0104/160755", "correlationVector":"b+FEf2UnUWUGdXaIgQH3a/.3","action":"GetUpdates", "result":"DeleteReceived", "context":{"id":"1713097c-f7c8-4b70-8293-961eff18f8be", "isDeleted:":"true", "version":"1697028522692"}}
{"logTime": "0104/160755", "correlationVector":"b+FEf2UnUWUGdXaIgQH3a/.4","action":"GetUpdates", "result":"DeleteReceived", "context":{"id":"05d68164-2a3b-44c3-82a3-6ad1d234c157", "isDeleted:":"true", "version":"1697028522693"}}
{"logTime": "0104/160755", "correlationVector":"b+FEf2UnUWUGdXaIgQH3a/.5","action":"GetUpdates", "result":"DeleteReceived", "context":{"id":"057a22b6-317a-428c-84e1-ec437e269135", "isDeleted:":"true", "version":"1697037516519"}}
{"logTime": "0104/160755", "correlationVector":"b+FEf2UnUWUGdXaIgQH3a/.6","action":"GetUpdates", "result":"DeleteReceived", "context":{"id":"b0787d6c-5cb1-4abc-b511-25504cb1c43f", "isDeleted:":"true", "version":"1697037516523"}}
{"logTime": "0104/160755", "correlationVector":"b+FEf2UnUWUGdXaIgQH3a/.7","action":"GetUpdates", "result":"DeleteReceived", "context":{"id":"c5e06cd1-6339-4c06-a010-71fe58a7d8e5", "isDeleted:":"true", "version":"1697223647269"}}
{"logTime": "0104/160755", "correlationVector":"b+FEf2UnUWUGdXaIgQH3a/.8","action":"GetUpdates", "result":"DeleteReceived", "context":{"id":"35b5c6f8-e8d6-4c09-a0cd-1b99934de75b", "isDeleted:":"true", "version":"1697223647270"}}
{"logTime": "0104/160755", "correlationVector":"b+FEf2UnUWUGdXaIgQH3a/.9","action":"GetUpdates", "result":"DeleteReceived", "context":{"id":"a9f8b100-f2ee-49a1-b9b8-18c383a7e2a5", "isDeleted:":"true", "version":"1697223664447"}}
{"logTime": "0104/160755", "correlationVector":"b+FEf2UnUWUGdXaIgQH3a/.10","action":"GetUpdates", "result":"DeleteReceived", "context":{"id":"494ac8d0-d12b-44bb-bb9d-1681f0edc768", "isDeleted:":"true", "version":"1697281002270"}}
{"logTime": "0104/160755", "correlationVector":"b+FEf2UnUWUGdXaIgQH3a/.11","action":"GetUpdates", "result":"DeleteReceived", "context":{"id":"bf271c0a-cf35-48e9-be32-c4412b01d22c", "isDeleted:":"true", "version":"1697281002271"}}
{"logTime": "0104/160755", "correlationVector":"b+FEf2UnUWUGdXaIgQH3a/.12","action":"GetUpdates", "result":"DeleteReceived", "context":{"id":"cae5fb7a-119e-414a-b574-45393457178f", "isDeleted:":"true", "version":"1697281107654"}}
{"logTime": "0104/160755", "correlationVector":"b+FEf2UnUWUGdXaIgQH3a/.13","action":"GetUpdates", "result":"DeleteReceived", "context":{"id":"ea12e850-e679-4a99-afa9-a1b5fc9e733f", "isDeleted:":"true", "version":"1697281301926"}}
{"logTime": "0104/160755", "correlationVector":"b+FEf2UnUWUGdXaIgQH3a/.14","action":"GetUpdates", "result":"DeleteReceived", "context":{"id":"ad1a244c-6e3a-406d-9159-a6ad7a69979a", "isDeleted:":"true", "version":"1697353663733"}}
{"logTime": "0104/160755", "correlationVector":"b+FEf2UnUWUGdXaIgQH3a/.15","action":"GetUpdates", "result":"DeleteReceived", "context":{"id":"05a9823f-93ce-47f2-96e3-f8fd3ec2bdcb", "isDeleted:":"true", "version":"1697361497907"}}
{"logTime": "0104/160755", "correlationVector":"b+FEf2UnUWUGdXaIgQH3a/.16","action":"GetUpdates", "result":"DeleteReceived", "context":{"id":"e4752266-bd1e-4cab-91ca-11811d31bfed", "isDeleted:":"true", "version":"1697389437594"}}
{"logTime": "0104/160755", "correlationVector":"b+FEf2UnUWUGdXaIgQH3a/.17","action":"GetUpdates", "result":"DeleteReceived", "context":{"id":"652e3492-6c2f-4fa5-aec3-002018d946f0", "isDeleted:":"true", "version":"1697389437595"}}
{"logTime": "0104/160755", "correlationVector":"b+FEf2UnUWUGdXaIgQH3a/.18","action":"GetUpdates", "result":"DeleteReceived", "context":{"id":"2b9bad1f-fbeb-4d97-ad95-61b9ec1a55cf", "isDeleted:":"true", "version":"1697437092760"}}
{"logTime": "0104/160755", "correlationVector":"b+FEf2UnUWUGdXaIgQH3a/.19","action":"GetUpdates", "result":"DeleteReceived", "context":{"id":"97685fb9-05aa-4fa0-94a0-682f2dbc7ea7", "isDeleted:":"true", "version":"1697437310447"}}
{"logTime": "0104/160755", "correlationVector":"b+FEf2UnUWUGdXaIgQH3a/.20","action":"GetUpdates", "result":"DeleteReceived", "context":{"id":"a71da2e7-07b8-4539-9216-2dfb52c1f5f4", "isDeleted:":"true", "version":"1697437905252"}}
{"logTime": "0104/160755", "correlationVector":"b+FEf2UnUWUGdXaIgQH3a/.21","action":"GetUpdates", "result":"DeleteReceived", "context":{"id":"2dd4b5d5-8e60-4ba6-b9c9-68d5e787b504", "isDeleted:":"true", "version":"1697437905254"}}
{"logTime": "0104/160755", "correlationVector":"b+FEf2UnUWUGdXaIgQH3a/.22","action":"GetUpdates", "result":"DeleteReceived", "context":{"id":"5dfe5d03-2e6d-40e0-83b1-620ef1bf9717", "isDeleted:":"true", "version":"1697439922505"}}
{"logTime": "0104/160755", "correlationVector":"b+FEf2UnUWUGdXaIgQH3a/.23","action":"GetUpdates", "result":"DeleteReceived", "context":{"id":"20ab2b1d-94b2-4569-84c6-905215e9dd30", "isDeleted:":"true", "version":"1697439922506"}}
{"logTime": "0104/160755", "correlationVector":"b+FEf2UnUWUGdXaIgQH3a/.24","action":"GetUpdates", "result":"DeleteReceived", "context":{"id":"24a6f0f6-4e68-42b7-b0a6-1045661ce423", "isDeleted:":"true", "version":"1697439922508"}}
{"logTime": "0104/160755", "correlationVector":"b+FEf2UnUWUGdXaIgQH3a/.25","action":"GetUpdates", "result":"DeleteReceived", "context":{"id":"ff18787d-b439-4274-8bdf-613f6ca10e9b", "isDeleted:":"true", "version":"1697508340877"}}
{"logTime": "0104/160755", "correlationVector":"b+FEf2UnUWUGdXaIgQH3a/.26","action":"GetUpdates", "result":"DeleteReceived", "context":{"id":"d3b65621-87bf-43f3-88cb-4f16394f7110", "isDeleted:":"true", "version":"1697508340878"}}
{"logTime": "0104/160755", "correlationVector":"b+FEf2UnUWUGdXaIgQH3a/.27","action":"GetUpdates", "result":"DeleteReceived", "context":{"id":"fbe6ca4c-6b60-42d3-84e5-eb6b3628f84d", "isDeleted:":"true", "version":"1697508340879"}}
{"logTime": "0104/160755", "correlationVector":"b+FEf2UnUWUGdXaIgQH3a/.28","action":"GetUpdates", "result":"DeleteReceived", "context":{"id":"b633bd71-7018-4efc-b096-cbcef8de2099", "isDeleted:":"true", "version":"1697640646981"}}
{"logTime": "0104/160755", "correlationVector":"b+FEf2UnUWUGdXaIgQH3a/.29","action":"GetUpdates", "result":"DeleteReceived", "context":{"id":"93958f0c-2f03-4088-9da7-b3d6f64cf669", "isDeleted:":"true", "version":"1697725340519"}}
{"logTime": "0104/160755", "correlationVector":"b+FEf2UnUWUGdXaIgQH3a/.30","action":"GetUpdates", "result":"DeleteReceived", "context":{"id":"4bd1b812-ecf2-46a3-b0dd-34c8b42eba06", "isDeleted:":"true", "version":"1697818375111"}}
{"logTime": "0104/160755", "correlationVector":"b+FEf2UnUWUGdXaIgQH3a/.31","action":"GetUpdates", "result":"DeleteReceived", "context":{"id":"2de2bdca-8d46-4d56-8e71-d7fc9853596b", "isDeleted:":"true", "version":"1697818375112"}}
{"logTime": "0104/160755", "correlationVector":"b+FEf2UnUWUGdXaIgQH3a/.32","action":"GetUpdates", "result":"DeleteReceived", "context":{"id":"67f2898d-1dfc-46d8-adcb-9232f218254d", "isDeleted:":"true", "version":"1697818375113"}}
{"logTime": "0104/160755", "correlationVector":"b+FEf2UnUWUGdXaIgQH3a/.33","action":"GetUpdates", "result":"DeleteReceived", "context":{"id":"ea670015-8e09-429c-9bba-7b4bf6a720ac", "isDeleted:":"true", "version":"1697818375114"}}
{"logTime": "0104/160755", "correlationVector":"b+FEf2UnUWUGdXaIgQH3a/.34","action":"GetUpdates", "result":"DeleteReceived", "context":{"id":"855236a8-6c22-4dc6-9691-b4e93fb5964f", "isDeleted:":"true", "version":"1697818673337"}}
{"logTime": "0104/160755", "correlationVector":"b+FEf2UnUWUGdXaIgQH3a/.35","action":"GetUpdates", "result":"DeleteReceived", "context":{"id":"fbdaa480-0e30-40a1-8da3-dff998792617", "isDeleted:":"true", "version":"1697820939292"}}
{"logTime": "0104/160755", "correlationVector":"b+FEf2UnUWUGdXaIgQH3a/.36","action":"GetUpdates", "result":"DeleteReceived", "context":{"id":"68d55a59-2e2b-41c0-a867-28c040d18312", "isDeleted:":"true", "version":"1697820939294"}}
{"logTime": "0104/160755", "correlationVector":"b+FEf2UnUWUGdXaIgQH3a/.37","action":"GetUpdates", "result":"DeleteReceived", "context":{"id":"992c0a4e-fa14-4ee8-aaec-8e732ffcf43c", "isDeleted:":"true", "version":"1697821239475"}}
{"logTime": "0104/160755", "correlationVector":"b+FEf2UnUWUGdXaIgQH3a/.38","action":"GetUpdates", "result":"DeleteReceived", "context":{"id":"45af3a92-6e11-4821-ad79-01035607c9f9", "isDeleted:":"true", "version":"1697825539011"}}
{"logTime": "0104/160755", "correlationVector":"b+FEf2UnUWUGdXaIgQH3a/.39","action":"GetUpdates", "result":"DeleteReceived", "context":{"id":"52dd6ed6-7b4d-41e0-a744-45b3be68dddc", "isDeleted:":"true", "version":"1697826292538"}}
{"logTime": "0104/160755", "correlationVector":"b+FEf2UnUWUGdXaIgQH3a/.40","action":"GetUpdates", "result":"DeleteReceived", "context":{"id":"88fb8d79-2def-4d0a-84db-45c31fc8d5ab", "isDeleted:":"true", "version":"1697829336282"}}
{"logTime": "0104/160755", "correlationVector":"b+FEf2UnUWUGdXaIgQH3a/.41","action":"GetUpdates", "result":"DeleteReceived", "context":{"id":"f3b84dca-f352-4e53-b5c9-b53acc6ab9e5", "isDeleted:":"true", "version":"1697829336284"}}
{"logTime": "0104/160755", "correlationVector":"b+FEf2UnUWUGdXaIgQH3a/.42","action":"GetUpdates", "result":"DeleteReceived", "context":{"id":"bc2e83b7-f0ab-481a-a1f4-f3c85a3fedef", "isDeleted:":"true", "version":"1697855027666"}}
{"logTime": "0104/160755", "correlationVector":"b+FEf2UnUWUGdXaIgQH3a/.43","action":"GetUpdates", "result":"DeleteReceived", "context":{"id":"80260305-a1bd-48a8-83c5-750f23fde12b", "isDeleted:":"true", "version":"1697855027667"}}
{"logTime": "0104/160755", "correlationVector":"b+FEf2UnUWUGdXaIgQH3a/.44","action":"GetUpdates", "result":"DeleteReceived", "context":{"id":"d697fcc9-8237-4fa8-8c68-2f168e8d411c", "isDeleted:":"true", "version":"1697937907696"}}
{"logTime": "0104/160755", "correlationVector":"b+FEf2UnUWUGdXaIgQH3a/.45","action":"GetUpdates", "result":"DeleteReceived", "context":{"id":"ee004d72-9426-484f-9105-c2934661c56a", "isDeleted:":"true", "version":"1697937907697"}}
{"logTime": "0104/160755", "correlationVector":"b+FEf2UnUWUGdXaIgQH3a/.46","action":"GetUpdates", "result":"DeleteReceived", "context":{"id":"c4831121-f3e3-4548-ab70-cf644b97b0f0", "isDeleted:":"true", "version":"1698044689978"}}
{"logTime": "0104/160755", "correlationVector":"b+FEf2UnUWUGdXaIgQH3a/.47","action":"GetUpdates", "result":"DeleteReceived", "context":{"id":"92d79184-a5c9-41c5-80eb-d5dc0b2b76f3", "isDeleted:":"true", "version":"1698044689979"}}
{"logTime": "0104/160755", "correlationVector":"b+FEf2UnUWUGdXaIgQH3a/.48","action":"GetUpdates", "result":"DeleteReceived", "context":{"id":"4e386b97-e452-46cc-8a3b-c84e3371d5e8", "isDeleted:":"true", "version":"1698044689980"}}
{"logTime": "0104/160755", "correlationVector":"b+FEf2UnUWUGdXaIgQH3a/.49","action":"GetUpdates", "result":"DeleteReceived", "context":{"id":"35d3fb91-c70c-43bb-95fe-f5c57d99b9ab", "isDeleted:":"true", "version":"1698044689981"}}
{"logTime": "0104/160755", "correlationVector":"b+FEf2UnUWUGdXaIgQH3a/.50","action":"GetUpdates", "result":"DeleteReceived", "context":{"id":"42591b34-ce9c-40e5-8047-d3caeef5f5bd", "isDeleted:":"true", "version":"1698054373261"}}
{"logTime": "0104/160755", "correlationVector":"b+FEf2UnUWUGdXaIgQH3a/.51","action":"GetUpdates", "result":"DeleteReceived", "context":{"id":"e3da9fb3-cbaa-4095-b0b5-6d3451901c0b", "isDeleted:":"true", "version":"1698054373262"}}
{"logTime": "0104/160755", "correlationVector":"b+FEf2UnUWUGdXaIgQH3a/.52","action":"GetUpdates", "result":"DeleteReceived", "context":{"id":"35850d94-1335-4cb1-ab7b-a42d535ba5f6", "isDeleted:":"true", "version":"1698062204245"}}
{"logTime": "0104/160755", "correlationVector":"b+FEf2UnUWUGdXaIgQH3a/.53","action":"GetUpdates", "result":"DeleteReceived", "context":{"id":"96e97c96-5a78-491b-bdb4-0f5a59b8dfc4", "isDeleted:":"true", "version":"1698062204246"}}
{"logTime": "0104/160755", "correlationVector":"b+FEf2UnUWUGdXaIgQH3a/.54","action":"GetUpdates", "result":"DeleteReceived", "context":{"id":"4ab04c23-a638-4091-8da0-8db7e22d69b1", "isDeleted:":"true", "version":"1698062204247"}}
{"logTime": "0104/160755", "correlationVector":"b+FEf2UnUWUGdXaIgQH3a/.55","action":"GetUpdates", "result":"DeleteReceived", "context":{"id":"4c563273-191f-43f2-a8b4-6668594f59de", "isDeleted:":"true", "version":"1698062204248"}}
{"logTime": "0104/160755", "correlationVector":"b+FEf2UnUWUGdXaIgQH3a/.56","action":"GetUpdates", "result":"DeleteReceived", "context":{"id":"27a45edc-57db-48e0-bdad-5dbabf64ada7", "isDeleted:":"true", "version":"1698062204249"}}
{"logTime": "0104/160755", "correlationVector":"b+FEf2UnUWUGdXaIgQH3a/.57","action":"GetUpdates", "result":"DeleteReceived", "context":{"id":"cf778a71-ea86-441e-b2f2-5a2d5aceecce", "isDeleted:":"true", "version":"1698062204250"}}
{"logTime": "0104/160755", "correlationVector":"b+FEf2UnUWUGdXaIgQH3a/.58","action":"GetUpdates", "result":"DeleteReceived", "context":{"id":"07e70316-3e4d-44be-98ab-f62cc3e51cc6", "isDeleted:":"true", "version":"1698193558858"}}
{"logTime": "0104/160755", "correlationVector":"b+FEf2UnUWUGdXaIgQH3a/.59","action":"GetUpdates", "result":"DeleteReceived", "context":{"id":"3348d803-f04c-4152-84e9-be6f93d85a0f", "isDeleted:":"true", "version":"1698196027160"}}
{"logTime": "0104/160755", "correlationVector":"b+FEf2UnUWUGdXaIgQH3a/.60","action":"GetUpdates", "result":"DeleteReceived", "context":{"id":"63857165-14f1-4b04-a263-c5d6a59e9092", "isDeleted:":"true", "version":"1698196059047"}}
{"logTime": "0104/160755", "correlationVector":"b+FEf2UnUWUGdXaIgQH3a/.61","action":"GetUpdates", "result":"DeleteReceived", "context":{"id":"b542d073-1cfe-4c77-b27a-ed59bb9c5ee9", "isDeleted:":"true", "version":"1698197741365"}}
{"logTime": "0104/160755", "correlationVector":"b+FEf2UnUWUGdXaIgQH3a/.62","action":"GetUpdates", "result":"DeleteReceived", "context":{"id":"d5295f28-1a75-4786-8f5b-ba97d80ae6e9", "isDeleted:":"true", "version":"1698198040893"}}
{"logTime": "0104/160755", "correlationVector":"b+FEf2UnUWUGdXaIgQH3a/.63","action":"GetUpdates", "result":"DeleteReceived", "context":{"id":"eaf756f4-e5d9-49bb-b34e-7f58b5dbbe96", "isDeleted:":"true", "version":"1698198040895"}}
{"logTime": "0104/160755", "correlationVector":"b+FEf2UnUWUGdXaIgQH3a/.64","action":"GetUpdates", "result":"DeleteReceived", "context":{"id":"cd82156a-845d-45fb-9c78-de9247ec6ac4", "isDeleted:":"true", "version":"1698199439591"}}
{"logTime": "0104/160755", "correlationVector":"b+FEf2UnUWUGdXaIgQH3a/.65","action":"GetUpdates", "result":"DeleteReceived", "context":{"id":"a0b94434-0569-4f5f-8888-a15fc9a50f45", "isDeleted:":"true", "version":"1698234910251"}}
{"logTime": "0104/160755", "correlationVector":"b+FEf2UnUWUGdXaIgQH3a/.66","action":"GetUpdates", "result":"DeleteReceived", "context":{"id":"fff3fac1-298c-4b97-81f8-4f1ed879ba37", "isDeleted:":"true", "version":"1698234991061"}}
{"logTime": "0104/160755", "correlationVector":"b+FEf2UnUWUGdXaIgQH3a/.67","action":"GetUpdates", "result":"DeleteReceived", "context":{"id":"b24e214c-3b73-4f1f-aa39-f2b408ca58dd", "isDeleted:":"true", "version":"1698235292053"}}
{"logTime": "0104/160755", "correlationVector":"b+FEf2UnUWUGdXaIgQH3a/.68","action":"GetUpdates", "result":"DeleteReceived", "context":{"id":"8d543986-a476-4da7-82de-3b34d0876c7c", "isDeleted:":"true", "version":"1698235292054"}}
{"logTime": "0104/160755", "correlationVector":"b+FEf2UnUWUGdXaIgQH3a/.69","action":"GetUpdates", "result":"DeleteReceived", "context":{"id":"fc350904-94c9-449c-8a36-41001204b838", "isDeleted:":"true", "version":"1698235292055"}}
{"logTime": "0104/160755", "correlationVector":"b+FEf2UnUWUGdXaIgQH3a/.70","action":"GetUpdates", "result":"DeleteReceived", "context":{"id":"5708d512-e976-43e9-a737-ccca4b1f5951", "isDeleted:":"true", "version":"1698235417386"}}
{"logTime": "0104/160755", "correlationVector":"b+FEf2UnUWUGdXaIgQH3a/.71","action":"GetUpdates", "result":"DeleteReceived", "context":{"id":"31d3e395-a27c-4288-b116-f2b342c3e066", "isDeleted:":"true", "version":"1698235502429"}}
{"logTime": "0104/160755", "correlationVector":"b+FEf2UnUWUGdXaIgQH3a/.72","action":"GetUpdates", "result":"DeleteReceived", "context":{"id":"25b6a597-7471-4cd1-9d40-988c9d79afae", "isDeleted:":"true", "version":"1698236121315"}}
{"logTime": "0104/160755", "correlationVector":"b+FEf2UnUWUGdXaIgQH3a/.73","action":"GetUpdates", "result":"DeleteReceived", "context":{"id":"6685364a-7b4e-47e4-9e58-8d4d79bfe4c6", "isDeleted:":"true", "version":"1698236121316"}}
{"logTime": "0104/160755", "correlationVector":"b+FEf2UnUWUGdXaIgQH3a/.74","action":"GetUpdates", "result":"DeleteReceived", "context":{"id":"28654776-b7b0-4c5c-9a8a-41c1626f49df", "isDeleted:":"true", "version":"1698236121319"}}
{"logTime": "0104/160755", "correlationVector":"b+FEf2UnUWUGdXaIgQH3a/.75","action":"GetUpdates", "result":"DeleteReceived", "context":{"id":"ebdcee7b-0bc1-4570-952f-984a1e0ed513", "isDeleted:":"true", "version":"1698236215452"}}
{"logTime": "0104/160755", "correlationVector":"b+FEf2UnUWUGdXaIgQH3a/.76","action":"GetUpdates", "result":"DeleteReceived", "context":{"id":"5746dcec-d7c2-427d-bf8e-c453787d7630", "isDeleted:":"true", "version":"1698236215455"}}
{"logTime": "0104/160755", "correlationVector":"b+FEf2UnUWUGdXaIgQH3a/.77","action":"GetUpdates", "result":"DeleteReceived", "context":{"id":"9e185251-383e-48f5-9d6f-a4ca8fba8fba", "isDeleted:":"true", "version":"1698236583463"}}
{"logTime": "0104/160755", "correlationVector":"b+FEf2UnUWUGdXaIgQH3a/.78","action":"GetUpdates", "result":"DeleteReceived", "context":{"id":"3a3a08e1-31d7-4158-8950-c80080ec469e", "isDeleted:":"true", "version":"1698236761991"}}
{"logTime": "0104/160755", "correlationVector":"b+FEf2UnUWUGdXaIgQH3a/.79","action":"GetUpdates", "result":"DeleteReceived", "context":{"id":"835e2ada-bc6e-4bfe-84a1-bf9ab6f301aa", "isDeleted:":"true", "version":"1698236871734"}}
{"logTime": "0104/160755", "correlationVector":"b+FEf2UnUWUGdXaIgQH3a/.80","action":"GetUpdates", "result":"DeleteReceived", "context":{"id":"b9e61153-d883-4871-ad54-3456b379df1e", "isDeleted:":"true", "version":"1698236871735"}}
{"logTime": "0104/160755", "correlationVector":"b+FEf2UnUWUGdXaIgQH3a/.81","action":"GetUpdates", "result":"DeleteReceived", "context":{"id":"b5bc39f6-f8e7-48ac-aa2c-4b791759f9f3", "isDeleted:":"true", "version":"1698246766822"}}
{"logTime": "0104/160755", "correlationVector":"b+FEf2UnUWUGdXaIgQH3a/.82","action":"GetUpdates", "result":"DeleteReceived", "context":{"id":"96849532-6f81-471a-9760-6aae674b2b5e", "isDeleted:":"true", "version":"1698246766823"}}
{"logTime": "0104/160755", "correlationVector":"b+FEf2UnUWUGdXaIgQH3a/.83","action":"GetUpdates", "result":"DeleteReceived", "context":{"id":"1ea28479-1399-4540-974b-4d144d9e84eb", "isDeleted:":"true", "version":"1698246766824"}}
{"logTime": "0104/160755", "correlationVector":"b+FEf2UnUWUGdXaIgQH3a/.84","action":"GetUpdates", "result":"DeleteReceived", "context":{"id":"d5bccb32-08e6-409e-868e-185ec7045069", "isDeleted:":"true", "version":"1698246766825"}}
{"logTime": "0104/160755", "correlationVector":"b+FEf2UnUWUGdXaIgQH3a/.85","action":"GetUpdates", "result":"DeleteReceived", "context":{"id":"0b61695e-fa3f-4899-b573-e959df8948c5", "isDeleted:":"true", "version":"1698250388289"}}
{"logTime": "0104/160755", "correlationVector":"b+FEf2UnUWUGdXaIgQH3a/.86","action":"GetUpdates", "result":"DeleteReceived", "context":{"id":"4d028e81-1bc2-43df-9771-6db4948b18a2", "isDeleted:":"true", "version":"1698250388290"}}
{"logTime": "0104/160755", "correlationVector":"b+FEf2UnUWUGdXaIgQH3a/.87","action":"GetUpdates", "result":"DeleteReceived", "context":{"id":"a984e7d0-3607-4b32-9ff9-61035617d64f", "isDeleted:":"true", "version":"1698250388291"}}
{"logTime": "0104/160755", "correlationVector":"b+FEf2UnUWUGdXaIgQH3a/.88","action":"GetUpdates", "result":"DeleteReceived", "context":{"id":"2af9cdc1-4439-43d5-baf8-66a2ef36ee08", "isDeleted:":"true", "version":"1698320824372"}}
{"logTime": "0104/160755", "correlationVector":"b+FEf2UnUWUGdXaIgQH3a/.89","action":"GetUpdates", "result":"DeleteReceived", "context":{"id":"4662e0b2-a5a3-45a1-9157-3af9c05e2a56", "isDeleted:":"true", "version":"1698674378005"}}
{"logTime": "0104/160755", "correlationVector":"b+FEf2UnUWUGdXaIgQH3a/.90","action":"GetUpdates", "result":"DeleteReceived", "context":{"id":"df0b182d-844c-4067-a675-5955d0edd360", "isDeleted:":"true", "version":"1698763164353"}}
{"logTime": "0104/160755", "correlationVector":"b+FEf2UnUWUGdXaIgQH3a/.91","action":"GetUpdates", "result":"DeleteReceived", "context":{"id":"9f47e4af-7a9c-4e02-9791-570c28defc49", "isDeleted:":"true", "version":"1698763931418"}}
{"logTime": "0104/160755", "correlationVector":"b+FEf2UnUWUGdXaIgQH3a/.92","action":"GetUpdates", "result":"DeleteReceived", "context":{"id":"db9f2fec-6c1d-4551-8530-1ca5d930a7e8", "isDeleted:":"true", "version":"1698811905603"}}
{"logTime": "0104/160755", "correlationVector":"b+FEf2UnUWUGdXaIgQH3a/.93","action":"GetUpdates", "result":"DeleteReceived", "context":{"id":"56c48c5b-3be8-4f8b-9dbe-f942e7f56859", "isDeleted:":"true", "version":"1698817059449"}}
{"logTime": "0104/160755", "correlationVector":"b+FEf2UnUWUGdXaIgQH3a/.94","action":"GetUpdates", "result":"DeleteReceived", "context":{"id":"ef1cd46a-938b-448e-abc5-aa377c619c59", "isDeleted:":"true", "version":"1698817059450"}}
{"logTime": "0104/160755", "correlationVector":"b+FEf2UnUWUGdXaIgQH3a/.95","action":"GetUpdates", "result":"DeleteReceived", "context":{"id":"07208882-6f4c-46f5-8674-0600d1c5fa4d", "isDeleted:":"true", "version":"1698883567485"}}
{"logTime": "0104/160755", "correlationVector":"b+FEf2UnUWUGdXaIgQH3a/.96","action":"GetUpdates", "result":"DeleteReceived", "context":{"id":"f7d566eb-62a2-4248-ae78-3cfdc17458b6", "isDeleted:":"true", "version":"1698885608167"}}
{"logTime": "0104/160755", "correlationVector":"b+FEf2UnUWUGdXaIgQH3a/.97","action":"GetUpdates", "result":"DeleteReceived", "context":{"id":"f22737f6-8bf4-4669-987f-721998f56bd8", "isDeleted:":"true", "version":"1698885686878"}}
{"logTime": "0104/160755", "correlationVector":"b+FEf2UnUWUGdXaIgQH3a/.98","action":"GetUpdates", "result":"DeleteReceived", "context":{"id":"31238300-358e-4c86-a1f3-681cddab65bc", "isDeleted:":"true", "version":"1698901815701"}}
{"logTime": "0104/160755", "correlationVector":"b+FEf2UnUWUGdXaIgQH3a/.99","action":"GetUpdates", "result":"DeleteReceived", "context":{"id":"8513adb8-6aff-4e78-9675-e15ec3c0dccb", "isDeleted:":"true", "version":"1698901815702"}}
{"logTime": "0104/160755", "correlationVector":"b+FEf2UnUWUGdXaIgQH3a/.100","action":"GetUpdates", "result":"DeleteReceived", "context":{"id":"d9652e69-6965-49c2-9c88-4054c3e52d02", "isDeleted:":"true", "version":"1698901815703"}}
{"logTime": "0104/160755", "correlationVector":"b+FEf2UnUWUGdXaIgQH3a/.101","action":"GetUpdates", "result":"DeleteReceived", "context":{"id":"33f8181c-2afa-4897-a7a7-c08dd6fd9df5", "isDeleted:":"true", "version":"1698901815704"}}
{"logTime": "0104/160755", "correlationVector":"b+FEf2UnUWUGdXaIgQH3a/.102","action":"GetUpdates", "result":"DeleteReceived", "context":{"id":"1724d649-8d38-477f-97f3-f1c087421871", "isDeleted:":"true", "version":"1698901815705"}}
{"logTime": "0104/160755", "correlationVector":"b+FEf2UnUWUGdXaIgQH3a/.103","action":"GetUpdates", "result":"DeleteReceived", "context":{"id":"42fcb166-76a3-4a12-a5fc-470a587c12d7", "isDeleted:":"true", "version":"1698908135775"}}
{"logTime": "0104/160755", "correlationVector":"b+FEf2UnUWUGdXaIgQH3a/.104","action":"GetUpdates", "result":"DeleteReceived", "context":{"id":"81090fb4-740e-41bd-b266-03fc3353cf0c", "isDeleted:":"true", "version":"1698908393140"}}
{"logTime": "0104/160755", "correlationVector":"b+FEf2UnUWUGdXaIgQH3a/.105","action":"GetUpdates", "result":"DeleteReceived", "context":{"id":"737304ae-71a9-4d35-848f-8be8b45c5393", "isDeleted:":"true", "version":"1698908393142"}}
{"logTime": "0104/160755", "correlationVector":"b+FEf2UnUWUGdXaIgQH3a/.106","action":"GetUpdates", "result":"DeleteReceived", "context":{"id":"751a5682-e091-4f2b-bc27-88b44ff417b0", "isDeleted:":"true", "version":"1699076312433"}}
{"logTime": "0104/160755", "correlationVector":"b+FEf2UnUWUGdXaIgQH3a/.107","action":"GetUpdates", "result":"DeleteReceived", "context":{"id":"e24332a8-52ba-420b-a4d9-9d23379b5865", "isDeleted:":"true", "version":"1699076406992"}}
{"logTime": "0104/160755", "correlationVector":"b+FEf2UnUWUGdXaIgQH3a/.108","action":"GetUpdates", "result":"DeleteReceived", "context":{"id":"d7957e74-64f8-45a3-8407-e2d58dc0d527", "isDeleted:":"true", "version":"1699076406993"}}
{"logTime": "0104/160755", "correlationVector":"b+FEf2UnUWUGdXaIgQH3a/.109","action":"GetUpdates", "result":"DeleteReceived", "context":{"id":"b916ca0f-b946-44c7-a2b6-a4f94838dbfc", "isDeleted:":"true", "version":"1699100931296"}}
{"logTime": "0104/160755", "correlationVector":"b+FEf2UnUWUGdXaIgQH3a/.110","action":"GetUpdates", "result":"DeleteReceived", "context":{"id":"466e1e62-121c-4dcd-b2b4-066d36f934a9", "isDeleted:":"true", "version":"1699100931297"}}
{"logTime": "0104/160755", "correlationVector":"b+FEf2UnUWUGdXaIgQH3a/.111","action":"GetUpdates", "result":"DeleteReceived", "context":{"id":"848d197c-1d0a-4ad5-8529-2ca8d3cf5a32", "isDeleted:":"true", "version":"1699102057924"}}
{"logTime": "0104/160755", "correlationVector":"b+FEf2UnUWUGdXaIgQH3a/.112","action":"GetUpdates", "result":"DeleteReceived", "context":{"id":"4f9ecce6-5181-4ce4-96df-97b88c10773d", "isDeleted:":"true", "version":"1699102247735"}}
{"logTime": "0104/160755", "correlationVector":"b+FEf2UnUWUGdXaIgQH3a/.113","action":"GetUpdates", "result":"DeleteReceived", "context":{"id":"c57703a1-fdb4-47f5-bd7d-5d4472d903a6", "isDeleted:":"true", "version":"1699102247741"}}
{"logTime": "0104/160755", "correlationVector":"b+FEf2UnUWUGdXaIgQH3a/.114","action":"GetUpdates", "result":"DeleteReceived", "context":{"id":"a20dfcad-4061-450e-af5a-a09c6c19a227", "isDeleted:":"true", "version":"1699102247742"}}
{"logTime": "0104/160755", "correlationVector":"b+FEf2UnUWUGdXaIgQH3a/.115","action":"GetUpdates", "result":"DeleteReceived", "context":{"id":"1bbdefcb-8c64-4899-9acb-fbb6e0824ff2", "isDeleted:":"true", "version":"1699195297757"}}
{"logTime": "0104/160755", "correlationVector":"b+FEf2UnUWUGdXaIgQH3a/.116","action":"GetUpdates", "result":"DeleteReceived", "context":{"id":"779a314b-0537-445c-8c4b-39f79b715e9d", "isDeleted:":"true", "version":"1699195297758"}}
{"logTime": "0104/160755", "correlationVector":"b+FEf2UnUWUGdXaIgQH3a/.117","action":"GetUpdates", "result":"DeleteReceived", "context":{"id":"e7fce402-8632-4df7-8c71-98adce62c73e", "isDeleted:":"true", "version":"1699195297759"}}
{"logTime": "0104/160755", "correlationVector":"b+FEf2UnUWUGdXaIgQH3a/.118","action":"GetUpdates", "result":"DeleteReceived", "context":{"id":"c7487344-a620-4605-9f54-4bd1ca7b0866", "isDeleted:":"true", "version":"1699195297760"}}
{"logTime": "0104/160755", "correlationVector":"b+FEf2UnUWUGdXaIgQH3a/.119","action":"GetUpdates", "result":"DeleteReceived", "context":{"id":"7338a103-42ad-4211-a30f-ffb59f735138", "isDeleted:":"true", "version":"1699195297761"}}
{"logTime": "0104/160755", "correlationVector":"b+FEf2UnUWUGdXaIgQH3a/.120","action":"GetUpdates", "result":"DeleteReceived", "context":{"id":"79a7df04-91bb-47c2-8958-213d2c9e0161", "isDeleted:":"true", "version":"1699200631986"}}
{"logTime": "0104/160755", "correlationVector":"b+FEf2UnUWUGdXaIgQH3a/.121","action":"GetUpdates", "result":"DeleteReceived", "context":{"id":"1422c025-346e-45fc-b7af-7fd93d837ccd", "isDeleted:":"true", "version":"1699200631987"}}
{"logTime": "0104/160755", "correlationVector":"b+FEf2UnUWUGdXaIgQH3a/.122","action":"GetUpdates", "result":"DeleteReceived", "context":{"id":"06095071-3cc3-4a9a-9367-33b7eb2205e5", "isDeleted:":"true", "version":"1699200918512"}}
{"logTime": "0104/160755", "correlationVector":"b+FEf2UnUWUGdXaIgQH3a/.123","action":"GetUpdates", "result":"DeleteReceived", "context":{"id":"1b511c41-2248-4798-ad53-990b782e3efa", "isDeleted:":"true", "version":"1699201452378"}}
{"logTime": "0104/160755", "correlationVector":"b+FEf2UnUWUGdXaIgQH3a/.124","action":"GetUpdates", "result":"DeleteReceived", "context":{"id":"a67dac41-0691-48ac-946a-f36dcaed1cfa", "isDeleted:":"true", "version":"1699202196531"}}
{"logTime": "0104/160755", "correlationVector":"b+FEf2UnUWUGdXaIgQH3a/.125","action":"GetUpdates", "result":"DeleteReceived", "context":{"id":"22871e07-3182-4b0e-b692-f90b24b966f8", "isDeleted:":"true", "version":"1699205787572"}}
{"logTime": "0104/160755", "correlationVector":"b+FEf2UnUWUGdXaIgQH3a/.126","action":"GetUpdates", "result":"DeleteReceived", "context":{"id":"f412f148-d411-440f-b27a-f94debd969f8", "isDeleted:":"true", "version":"1699205937224"}}
{"logTime": "0104/160755", "correlationVector":"b+FEf2UnUWUGdXaIgQH3a/.127","action":"GetUpdates", "result":"DeleteReceived", "context":{"id":"b25e7a55-f13c-4088-afca-7ec6d35d41ff", "isDeleted:":"true", "version":"1699206040606"}}
{"logTime": "0104/160755", "correlationVector":"b+FEf2UnUWUGdXaIgQH3a/.128","action":"GetUpdates", "result":"DeleteReceived", "context":{"id":"3be6bb95-3e35-4f49-bf9f-17d8d4ecf3f6", "isDeleted:":"true", "version":"1699206141653"}}
{"logTime": "0104/160755", "correlationVector":"b+FEf2UnUWUGdXaIgQH3a/.129","action":"GetUpdates", "result":"DeleteReceived", "context":{"id":"ab5c0a36-f64d-4e02-bd84-f9046a4a4761", "isDeleted:":"true", "version":"1699233629271"}}
{"logTime": "0104/160755", "correlationVector":"b+FEf2UnUWUGdXaIgQH3a/.130","action":"GetUpdates", "result":"DeleteReceived", "context":{"id":"16eb4ea1-e998-4d67-a57c-4ec4e356020c", "isDeleted:":"true", "version":"1699233629273"}}
{"logTime": "0104/160755", "correlationVector":"b+FEf2UnUWUGdXaIgQH3a/.131","action":"GetUpdates", "result":"DeleteReceived", "context":{"id":"cc177e14-34cd-4007-a52c-3ace6a6b78bd", "isDeleted:":"true", "version":"1699233928443"}}
{"logTime": "0104/160755", "correlationVector":"b+FEf2UnUWUGdXaIgQH3a/.132","action":"GetUpdates", "result":"DeleteReceived", "context":{"id":"c2187dd5-4c8e-463d-ab3b-7fef64d1e706", "isDeleted:":"true", "version":"1699248630717"}}
{"logTime": "0104/160755", "correlationVector":"b+FEf2UnUWUGdXaIgQH3a/.133","action":"GetUpdates", "result":"DeleteReceived", "context":{"id":"2b944d57-ee31-436a-887a-e4b591ba2c8c", "isDeleted:":"true", "version":"1699335020581"}}
{"logTime": "0104/160755", "correlationVector":"b+FEf2UnUWUGdXaIgQH3a/.134","action":"GetUpdates", "result":"DeleteReceived", "context":{"id":"fd5ac211-42dc-4cde-a466-6008c3490bf4", "isDeleted:":"true", "version":"1699335020582"}}
{"logTime": "0104/160755", "correlationVector":"b+FEf2UnUWUGdXaIgQH3a/.135","action":"GetUpdates", "result":"DeleteReceived", "context":{"id":"df923aad-6607-426d-afc2-88c5edc24f63", "isDeleted:":"true", "version":"1699335020583"}}
{"logTime": "0104/160755", "correlationVector":"b+FEf2UnUWUGdXaIgQH3a/.136","action":"GetUpdates", "result":"DeleteReceived", "context":{"id":"b5bffc8e-b468-4f69-b5d4-feba4ded6409", "isDeleted:":"true", "version":"1699541935496"}}
{"logTime": "0104/160755", "correlationVector":"b+FEf2UnUWUGdXaIgQH3a/.137","action":"GetUpdates", "result":"DeleteReceived", "context":{"id":"b4a41ebf-843c-409d-9918-494c477ee94a", "isDeleted:":"true", "version":"1699587738290"}}
{"logTime": "0104/160755", "correlationVector":"b+FEf2UnUWUGdXaIgQH3a/.138","action":"GetUpdates", "result":"DeleteReceived", "context":{"id":"f0586cf8-61eb-46e7-8387-a219bde1d349", "isDeleted:":"true", "version":"1699587738291"}}
{"logTime": "0104/160755", "correlationVector":"b+FEf2UnUWUGdXaIgQH3a/.139","action":"GetUpdates", "result":"DeleteReceived", "context":{"id":"62899fa4-bd92-436c-8497-373b26015744", "isDeleted:":"true", "version":"1699587738292"}}
{"logTime": "0104/160755", "correlationVector":"b+FEf2UnUWUGdXaIgQH3a/.140","action":"GetUpdates", "result":"DeleteReceived", "context":{"id":"1ca9a3f7-bcff-4f38-b028-919a853089b1", "isDeleted:":"true", "version":"1699587738293"}}
{"logTime": "0104/160755", "correlationVector":"b+FEf2UnUWUGdXaIgQH3a/.141","action":"GetUpdates", "result":"DeleteReceived", "context":{"id":"e6619f86-fba5-4a12-96cb-8dcc0c88e082", "isDeleted:":"true", "version":"1699587738294"}}
{"logTime": "0104/160755", "correlationVector":"b+FEf2UnUWUGdXaIgQH3a/.142","action":"GetUpdates", "result":"DeleteReceived", "context":{"id":"5c383f86-af62-4937-9230-d35f84acd73b", "isDeleted:":"true", "version":"1699728602609"}}
{"logTime": "0104/160755", "correlationVector":"b+FEf2UnUWUGdXaIgQH3a/.143","action":"GetUpdates", "result":"DeleteReceived", "context":{"id":"245d3cd4-7127-4d95-a435-46cd292b8579", "isDeleted:":"true", "version":"1699855266120"}}
{"logTime": "0104/160755", "correlationVector":"b+FEf2UnUWUGdXaIgQH3a/.144","action":"GetUpdates", "result":"DeleteReceived", "context":{"id":"384ffbb7-1584-4e67-8e06-33793ef54f19", "isDeleted:":"true", "version":"1699855266121"}}
{"logTime": "0104/160755", "correlationVector":"b+FEf2UnUWUGdXaIgQH3a/.145","action":"GetUpdates", "result":"DeleteReceived", "context":{"id":"9b04db64-5611-40f1-aeab-37496228582f", "isDeleted:":"true", "version":"1699855266122"}}
{"logTime": "0104/160755", "correlationVector":"b+FEf2UnUWUGdXaIgQH3a/.146","action":"GetUpdates", "result":"DeleteReceived", "context":{"id":"29b06318-5f1a-4e8d-a7c5-a5fcd9aaa927", "isDeleted:":"true", "version":"1699855266123"}}
{"logTime": "0104/160755", "correlationVector":"b+FEf2UnUWUGdXaIgQH3a/.147","action":"GetUpdates", "result":"DeleteReceived", "context":{"id":"baa3efa8-9952-4453-a560-a9ec484ee345", "isDeleted:":"true", "version":"1699855266124"}}
{"logTime": "0104/160755", "correlationVector":"b+FEf2UnUWUGdXaIgQH3a/.148","action":"GetUpdates", "result":"DeleteReceived", "context":{"id":"7eb70230-5b19-4e3a-8dde-94287e28b67d", "isDeleted:":"true", "version":"1699855266125"}}
{"logTime": "0104/160755", "correlationVector":"b+FEf2UnUWUGdXaIgQH3a/.149","action":"GetUpdates", "result":"DeleteReceived", "context":{"id":"6aa8c82d-b014-41d0-b161-a5171141d321", "isDeleted:":"true", "version":"1699855266127"}}
{"logTime": "0104/160755", "correlationVector":"b+FEf2UnUWUGdXaIgQH3a/.150","action":"GetUpdates", "result":"DeleteReceived", "context":{"id":"b60819b4-68e2-48b5-9d30-fbfe04aa28c8", "isDeleted:":"true", "version":"1699855266128"}}
{"logTime": "0104/160755", "correlationVector":"b+FEf2UnUWUGdXaIgQH3a/.151","action":"GetUpdates", "result":"DeleteReceived", "context":{"id":"75e50171-9ce4-41f3-a0f2-358cb3b236de", "isDeleted:":"true", "version":"1699855266129"}}
{"logTime": "0104/160755", "correlationVector":"b+FEf2UnUWUGdXaIgQH3a/.152","action":"GetUpdates", "result":"DeleteReceived", "context":{"id":"ba28ff69-8a9b-461d-ba42-d1c4bf74936b", "isDeleted:":"true", "version":"1699855266130"}}
{"logTime": "0104/160755", "correlationVector":"b+FEf2UnUWUGdXaIgQH3a/.153","action":"GetUpdates", "result":"DeleteReceived", "context":{"id":"98eddb82-e327-4765-8a4a-145f965ad199", "isDeleted:":"true", "version":"1699855266131"}}
{"logTime": "0104/160755", "correlationVector":"b+FEf2UnUWUGdXaIgQH3a/.154","action":"GetUpdates", "result":"DeleteReceived", "context":{"id":"e6485d47-c8bb-45c3-9ce8-4dbb4ed8e4be", "isDeleted:":"true", "version":"1699855266132"}}
{"logTime": "0104/160755", "correlationVector":"b+FEf2UnUWUGdXaIgQH3a/.155","action":"GetUpdates", "result":"DeleteReceived", "context":{"id":"a2a13949-8c03-43c1-b026-3369d5fe6995", "isDeleted:":"true", "version":"1699855266133"}}
{"logTime": "0104/160755", "correlationVector":"b+FEf2UnUWUGdXaIgQH3a/.156","action":"GetUpdates", "result":"DeleteReceived", "context":{"id":"0333c4ff-0924-45e2-ba7d-6d5a409022f6", "isDeleted:":"true", "version":"1699855266134"}}
{"logTime": "0104/160755", "correlationVector":"b+FEf2UnUWUGdXaIgQH3a/.157","action":"GetUpdates", "result":"DeleteReceived", "context":{"id":"f5d0801f-958d-4e84-be35-066532497834", "isDeleted:":"true", "version":"1699855266135"}}
{"logTime": "0104/160755", "correlationVector":"b+FEf2UnUWUGdXaIgQH3a/.158","action":"GetUpdates", "result":"DeleteReceived", "context":{"id":"13e94f12-76d4-4a9d-932c-78242e07027d", "isDeleted:":"true", "version":"1699855266136"}}
{"logTime": "0104/160755", "correlationVector":"b+FEf2UnUWUGdXaIgQH3a/.159","action":"GetUpdates", "result":"DeleteReceived", "context":{"id":"c3c58dc4-a20d-469c-b8a3-6186cf23ab0f", "isDeleted:":"true", "version":"1699855266137"}}
{"logTime": "0104/160755", "correlationVector":"b+FEf2UnUWUGdXaIgQH3a/.160","action":"GetUpdates", "result":"DeleteReceived", "context":{"id":"ffa204c9-b360-4da4-aa72-08ca44e92e82", "isDeleted:":"true", "version":"1699925434900"}}
{"logTime": "0104/160755", "correlationVector":"b+FEf2UnUWUGdXaIgQH3a/.161","action":"GetUpdates", "result":"DeleteReceived", "context":{"id":"cd112b0c-0c5a-41a2-b5f8-e6348ac15289", "isDeleted:":"true", "version":"1699931953665"}}
{"logTime": "0104/160755", "correlationVector":"b+FEf2UnUWUGdXaIgQH3a/.162","action":"GetUpdates", "result":"DeleteReceived", "context":{"id":"59b54fd8-3219-4107-a484-97518dbc67eb", "isDeleted:":"true", "version":"1699951181186"}}
{"logTime": "0104/160755", "correlationVector":"b+FEf2UnUWUGdXaIgQH3a/.163","action":"GetUpdates", "result":"DeleteReceived", "context":{"id":"56ef23e3-75e5-4182-8357-086fb2c8870b", "isDeleted:":"true", "version":"1699951181187"}}
{"logTime": "0104/160755", "correlationVector":"b+FEf2UnUWUGdXaIgQH3a/.164","action":"GetUpdates", "result":"DeleteReceived", "context":{"id":"72b623a0-1507-44c0-b8c4-f61b7f25c5cb", "isDeleted:":"true", "version":"1699951181188"}}
{"logTime": "0104/160755", "correlationVector":"b+FEf2UnUWUGdXaIgQH3a/.165","action":"GetUpdates", "result":"DeleteReceived", "context":{"id":"1cbbce95-d5e1-451e-b787-3898d7916a21", "isDeleted:":"true", "version":"1699951181189"}}
{"logTime": "0104/160755", "correlationVector":"b+FEf2UnUWUGdXaIgQH3a/.166","action":"GetUpdates", "result":"DeleteReceived", "context":{"id":"8eb25507-eaf6-4a33-88a8-adbccdced67c", "isDeleted:":"true", "version":"1699951181190"}}
{"logTime": "0104/160755", "correlationVector":"b+FEf2UnUWUGdXaIgQH3a/.167","action":"GetUpdates", "result":"DeleteReceived", "context":{"id":"33e6bbae-7ee3-4bc5-aeda-4667426a1e38", "isDeleted:":"true", "version":"1699960559227"}}
{"logTime": "0104/160755", "correlationVector":"b+FEf2UnUWUGdXaIgQH3a/.168","action":"GetUpdates", "result":"DeleteReceived", "context":{"id":"7fefd61a-0c23-438c-bad4-aa404b2476b9", "isDeleted:":"true", "version":"1699960858215"}}
{"logTime": "0104/160755", "correlationVector":"b+FEf2UnUWUGdXaIgQH3a/.169","action":"GetUpdates", "result":"DeleteReceived", "context":{"id":"afcf1fc1-22e1-4c5f-95bd-ca60a728cd1c", "isDeleted:":"true", "version":"1699961772694"}}
{"logTime": "0104/160755", "correlationVector":"b+FEf2UnUWUGdXaIgQH3a/.170","action":"GetUpdates", "result":"DeleteReceived", "context":{"id":"c290745f-443b-4984-999e-394e7e7b2606", "isDeleted:":"true", "version":"1699962147420"}}
{"logTime": "0104/160755", "correlationVector":"b+FEf2UnUWUGdXaIgQH3a/.171","action":"GetUpdates", "result":"DeleteReceived", "context":{"id":"6b8ad527-7ae6-4c17-a039-a9c376f1a944", "isDeleted:":"true", "version":"1700010299389"}}
{"logTime": "0104/160755", "correlationVector":"b+FEf2UnUWUGdXaIgQH3a/.172","action":"GetUpdates", "result":"DeleteReceived", "context":{"id":"30b66c97-44ff-454b-af03-1cfd9101c906", "isDeleted:":"true", "version":"1700113740558"}}
{"logTime": "0104/160755", "correlationVector":"b+FEf2UnUWUGdXaIgQH3a/.173","action":"GetUpdates", "result":"DeleteReceived", "context":{"id":"baf374b8-2556-40e5-a281-9149a43dcc29", "isDeleted:":"true", "version":"1700121380268"}}
{"logTime": "0104/160755", "correlationVector":"b+FEf2UnUWUGdXaIgQH3a/.174","action":"GetUpdates", "result":"DeleteReceived", "context":{"id":"e16bc30c-6ab7-4fa3-b867-402919210e88", "isDeleted:":"true", "version":"1700137915061"}}
{"logTime": "0104/160755", "correlationVector":"b+FEf2UnUWUGdXaIgQH3a/.175","action":"GetUpdates", "result":"DeleteReceived", "context":{"id":"cf408f52-cf4c-4d44-b517-6f11e6793fd4", "isDeleted:":"true", "version":"1700137915062"}}
{"logTime": "0104/160755", "correlationVector":"b+FEf2UnUWUGdXaIgQH3a/.176","action":"GetUpdates", "result":"DeleteReceived", "context":{"id":"ea3c112f-372c-43fc-a1c1-e51e0fd79aaf", "isDeleted:":"true", "version":"1700300094553"}}
{"logTime": "0104/160755", "correlationVector":"b+FEf2UnUWUGdXaIgQH3a/.177","action":"GetUpdates", "result":"DeleteReceived", "context":{"id":"c5916db5-98b5-4131-9621-38eb91d522e1", "isDeleted:":"true", "version":"1700300094554"}}
{"logTime": "0104/160755", "correlationVector":"b+FEf2UnUWUGdXaIgQH3a/.178","action":"GetUpdates", "result":"DeleteReceived", "context":{"id":"7aca55c8-ce58-477d-bee3-565b4f20f946", "isDeleted:":"true", "version":"1700300094555"}}
{"logTime": "0104/160755", "correlationVector":"b+FEf2UnUWUGdXaIgQH3a/.179","action":"GetUpdates", "result":"DeleteReceived", "context":{"id":"873f43bc-8a17-4d6a-ae9c-a2e4bac23740", "isDeleted:":"true", "version":"1700405310336"}}
{"logTime": "0104/160755", "correlationVector":"b+FEf2UnUWUGdXaIgQH3a/.180","action":"GetUpdates", "result":"DeleteReceived", "context":{"id":"fc4f69b4-5db8-49cb-8be7-2e1e1ceaf73f", "isDeleted:":"true", "version":"1700405310338"}}
{"logTime": "0104/160755", "correlationVector":"b+FEf2UnUWUGdXaIgQH3a/.181","action":"GetUpdates", "result":"DeleteReceived", "context":{"id":"54d056fb-4fd0-4e6d-bbd8-497886820633", "isDeleted:":"true", "version":"1700407216128"}}
{"logTime": "0104/160755", "correlationVector":"b+FEf2UnUWUGdXaIgQH3a/.182","action":"GetUpdates", "result":"DeleteReceived", "context":{"id":"3662ba9f-b3e7-4cbf-8237-a3f02e32fa8b", "isDeleted:":"true", "version":"1700407216129"}}
{"logTime": "0104/160755", "correlationVector":"b+FEf2UnUWUGdXaIgQH3a/.183","action":"GetUpdates", "result":"DeleteReceived", "context":{"id":"85b93c26-e97c-4ca5-9931-c2196b12a7c1", "isDeleted:":"true", "version":"1700407216130"}}
{"logTime": "0104/160755", "correlationVector":"b+FEf2UnUWUGdXaIgQH3a/.184","action":"GetUpdates Response", "result":"SERVER_MORE_TO_DOWNLOAD", "context":Received 250 update(s).  Some updates remain.}
{"logTime": "0104/160755", "correlationVector":"DETCoOLdZnxbxq2nX9Ytv5","action":"Initial GetUpdates", "result":"", "context":Reason: NEWLY_SUPPORTED_DATATYPE. cV=DETCoOLdZnxbxq2nX9Ytv5}
{"logTime": "0104/160755", "correlationVector":"DETCoOLdZnxbxq2nX9Ytv5.1","action":"SyncServerConnectionManagerRequest", "result":"SYNC_SERVER_OK", "context":{"environment":"Prod_SoutheastAsia_000j", "migrationStage":"NotStarted", "server":"GENERAL0100000B"}}
{"logTime": "0104/160755", "correlationVector":"DETCoOLdZnxbxq2nX9Ytv5.2","action":"GetUpdates", "result":"DeleteReceived", "context":{"id":"31047e45-acea-4db3-844e-59ddf9ead6a7", "isDeleted:":"true", "version":"1700407216131"}}
{"logTime": "0104/160755", "correlationVector":"DETCoOLdZnxbxq2nX9Ytv5.3","action":"GetUpdates", "result":"DeleteReceived", "context":{"id":"b9c57d7e-5226-462d-bd2e-f1af8cad191f", "isDeleted:":"true", "version":"1700407216132"}}
{"logTime": "0104/160755", "correlationVector":"DETCoOLdZnxbxq2nX9Ytv5.4","action":"GetUpdates", "result":"DeleteReceived", "context":{"id":"e7ef1bf7-d029-4b4f-883f-c775641dd0be", "isDeleted:":"true", "version":"1700407216133"}}
{"logTime": "0104/160756", "correlationVector":"DETCoOLdZnxbxq2nX9Ytv5.5","action":"GetUpdates", "result":"DeleteReceived", "context":{"id":"76f17ac5-b4b1-4567-a41f-7ce3c7baf15a", "isDeleted:":"true", "version":"1700408292070"}}
{"logTime": "0104/160756", "correlationVector":"DETCoOLdZnxbxq2nX9Ytv5.6","action":"GetUpdates", "result":"DeleteReceived", "context":{"id":"bef18410-1923-44a6-88b1-97648c9215b2", "isDeleted:":"true", "version":"1700408292072"}}
{"logTime": "0104/160756", "correlationVector":"DETCoOLdZnxbxq2nX9Ytv5.7","action":"GetUpdates", "result":"DeleteReceived", "context":{"id":"d090b92d-ca98-4f6d-a630-ece1a45e4290", "isDeleted:":"true", "version":"1700411064299"}}
{"logTime": "0104/160756", "correlationVector":"DETCoOLdZnxbxq2nX9Ytv5.8","action":"GetUpdates", "result":"DeleteReceived", "context":{"id":"d0200fd1-06dd-4857-8f9f-bd614c24de85", "isDeleted:":"true", "version":"1700411064300"}}
{"logTime": "0104/160756", "correlationVector":"DETCoOLdZnxbxq2nX9Ytv5.9","action":"GetUpdates", "result":"DeleteReceived", "context":{"id":"d48b3450-c69d-43ec-8ec5-8531f6244429", "isDeleted:":"true", "version":"1700411064301"}}
{"logTime": "0104/160756", "correlationVector":"DETCoOLdZnxbxq2nX9Ytv5.10","action":"GetUpdates", "result":"DeleteReceived", "context":{"id":"937eb383-f565-40f9-b367-ab05386ff335", "isDeleted:":"true", "version":"1700446153409"}}
{"logTime": "0104/160756", "correlationVector":"DETCoOLdZnxbxq2nX9Ytv5.11","action":"GetUpdates", "result":"DeleteReceived", "context":{"id":"953e1075-6dc8-492f-9d5b-183cc307af24", "isDeleted:":"true", "version":"1700446153410"}}
{"logTime": "0104/160756", "correlationVector":"DETCoOLdZnxbxq2nX9Ytv5.12","action":"GetUpdates", "result":"DeleteReceived", "context":{"id":"8c16f526-84c0-4cf2-861e-8d0246710de6", "isDeleted:":"true", "version":"1700446153411"}}
{"logTime": "0104/160756", "correlationVector":"DETCoOLdZnxbxq2nX9Ytv5.13","action":"GetUpdates", "result":"DeleteReceived", "context":{"id":"5420a5e6-5ac8-4a07-a0eb-80de1f65bc14", "isDeleted:":"true", "version":"1700577894605"}}
{"logTime": "0104/160756", "correlationVector":"DETCoOLdZnxbxq2nX9Ytv5.14","action":"GetUpdates", "result":"DeleteReceived", "context":{"id":"1dc8fe8a-0e74-4ad1-a7d5-7cf84d3e7bb6", "isDeleted:":"true", "version":"1700577894606"}}
{"logTime": "0104/160756", "correlationVector":"DETCoOLdZnxbxq2nX9Ytv5.15","action":"GetUpdates", "result":"DeleteReceived", "context":{"id":"bad40f6b-98b6-4141-b6a8-00221cf29769", "isDeleted:":"true", "version":"1700615545497"}}
{"logTime": "0104/160756", "correlationVector":"DETCoOLdZnxbxq2nX9Ytv5.16","action":"GetUpdates", "result":"DeleteReceived", "context":{"id":"afbc06f9-b0d4-4b96-8090-57bb81de1fdc", "isDeleted:":"true", "version":"1700615545498"}}
{"logTime": "0104/160756", "correlationVector":"DETCoOLdZnxbxq2nX9Ytv5.17","action":"GetUpdates", "result":"DeleteReceived", "context":{"id":"d0c259ba-15aa-4fed-aea0-4b841c92de96", "isDeleted:":"true", "version":"1700615545499"}}
{"logTime": "0104/160756", "correlationVector":"DETCoOLdZnxbxq2nX9Ytv5.18","action":"GetUpdates", "result":"DeleteReceived", "context":{"id":"51678fc6-1336-49cb-848d-a9960d13c2e7", "isDeleted:":"true", "version":"1700717129612"}}
{"logTime": "0104/160756", "correlationVector":"DETCoOLdZnxbxq2nX9Ytv5.19","action":"GetUpdates", "result":"DeleteReceived", "context":{"id":"d32de092-91bf-44f7-aae7-2224185273bf", "isDeleted:":"true", "version":"1700722552986"}}
{"logTime": "0104/160756", "correlationVector":"DETCoOLdZnxbxq2nX9Ytv5.20","action":"GetUpdates", "result":"DeleteReceived", "context":{"id":"9de7a625-a58b-4147-8519-291e0502ec83", "isDeleted:":"true", "version":"1700722552988"}}
{"logTime": "0104/160756", "correlationVector":"DETCoOLdZnxbxq2nX9Ytv5.21","action":"GetUpdates", "result":"DeleteReceived", "context":{"id":"288dd5aa-dd2c-42fe-b2a1-5df08fa29b3d", "isDeleted:":"true", "version":"1700724887693"}}
{"logTime": "0104/160756", "correlationVector":"DETCoOLdZnxbxq2nX9Ytv5.22","action":"GetUpdates", "result":"DeleteReceived", "context":{"id":"f87dbba7-f4dc-452d-be54-2cff592b874f", "isDeleted:":"true", "version":"1700726583316"}}
{"logTime": "0104/160756", "correlationVector":"DETCoOLdZnxbxq2nX9Ytv5.23","action":"GetUpdates", "result":"DeleteReceived", "context":{"id":"e953798d-dd3b-4fae-a3db-6ee94820fd84", "isDeleted:":"true", "version":"1700763331236"}}
{"logTime": "0104/160756", "correlationVector":"DETCoOLdZnxbxq2nX9Ytv5.24","action":"GetUpdates", "result":"DeleteReceived", "context":{"id":"29aa795b-5919-4945-8eba-a3bfbe8293d4", "isDeleted:":"true", "version":"1700763384144"}}
{"logTime": "0104/160756", "correlationVector":"DETCoOLdZnxbxq2nX9Ytv5.25","action":"GetUpdates", "result":"DeleteReceived", "context":{"id":"b0e4dc16-8264-4b9c-aad4-35ac6dec8ae7", "isDeleted:":"true", "version":"1700765649277"}}
{"logTime": "0104/160756", "correlationVector":"DETCoOLdZnxbxq2nX9Ytv5.26","action":"GetUpdates", "result":"DeleteReceived", "context":{"id":"247df21e-2dd2-4980-a2d5-7fb5607ffd1d", "isDeleted:":"true", "version":"1700765649279"}}
{"logTime": "0104/160756", "correlationVector":"DETCoOLdZnxbxq2nX9Ytv5.27","action":"GetUpdates", "result":"DeleteReceived", "context":{"id":"c6ba5b92-6f67-41a7-93e1-3c2d07c9c452", "isDeleted:":"true", "version":"1700808829790"}}
{"logTime": "0104/160756", "correlationVector":"DETCoOLdZnxbxq2nX9Ytv5.28","action":"GetUpdates", "result":"DeleteReceived", "context":{"id":"895d2acc-7063-4c51-9a7c-bc4c83bed097", "isDeleted:":"true", "version":"1700808829791"}}
{"logTime": "0104/160756", "correlationVector":"DETCoOLdZnxbxq2nX9Ytv5.29","action":"GetUpdates", "result":"DeleteReceived", "context":{"id":"3d371221-d419-444c-9be2-da9ed2a6c0c4", "isDeleted:":"true", "version":"1700808829792"}}
{"logTime": "0104/160756", "correlationVector":"DETCoOLdZnxbxq2nX9Ytv5.30","action":"GetUpdates", "result":"DeleteReceived", "context":{"id":"f96f9886-d5af-4201-ad00-c3a69b8f340c", "isDeleted:":"true", "version":"1700808829793"}}
{"logTime": "0104/160756", "correlationVector":"DETCoOLdZnxbxq2nX9Ytv5.31","action":"GetUpdates", "result":"DeleteReceived", "context":{"id":"47b57e42-625b-4876-abf5-0b5f923d55ed", "isDeleted:":"true", "version":"1700808829794"}}
{"logTime": "0104/160756", "correlationVector":"DETCoOLdZnxbxq2nX9Ytv5.32","action":"GetUpdates", "result":"DeleteReceived", "context":{"id":"dd09091a-d457-4a26-a763-1e670e056a46", "isDeleted:":"true", "version":"1701048893767"}}
{"logTime": "0104/160756", "correlationVector":"DETCoOLdZnxbxq2nX9Ytv5.33","action":"GetUpdates", "result":"DeleteReceived", "context":{"id":"fae7d544-caff-497c-a06a-b44502c1cdf0", "isDeleted:":"true", "version":"1701052295517"}}
{"logTime": "0104/160756", "correlationVector":"DETCoOLdZnxbxq2nX9Ytv5.34","action":"GetUpdates", "result":"DeleteReceived", "context":{"id":"04d31e17-b4c2-4944-8c65-0773089b6df3", "isDeleted:":"true", "version":"1701091365179"}}
{"logTime": "0104/160756", "correlationVector":"DETCoOLdZnxbxq2nX9Ytv5.35","action":"GetUpdates", "result":"DeleteReceived", "context":{"id":"2ebb34f5-780f-4fb6-a885-09a8528fbd5a", "isDeleted:":"true", "version":"1701091365180"}}
{"logTime": "0104/160756", "correlationVector":"DETCoOLdZnxbxq2nX9Ytv5.36","action":"GetUpdates", "result":"DeleteReceived", "context":{"id":"ee139932-a4db-4072-b081-e8cde5254d2a", "isDeleted:":"true", "version":"1701091365181"}}
{"logTime": "0104/160756", "correlationVector":"DETCoOLdZnxbxq2nX9Ytv5.37","action":"GetUpdates", "result":"DeleteReceived", "context":{"id":"729e7750-7b06-4b62-9fad-122300b43de6", "isDeleted:":"true", "version":"1701095484900"}}
{"logTime": "0104/160756", "correlationVector":"DETCoOLdZnxbxq2nX9Ytv5.38","action":"GetUpdates", "result":"DeleteReceived", "context":{"id":"b34c3843-2217-43c8-b58a-354c07a212b1", "isDeleted:":"true", "version":"1701095484901"}}
{"logTime": "0104/160756", "correlationVector":"DETCoOLdZnxbxq2nX9Ytv5.39","action":"GetUpdates", "result":"DeleteReceived", "context":{"id":"9466169a-4385-4ffa-b731-21bc58cab2cb", "isDeleted:":"true", "version":"1701095484902"}}
{"logTime": "0104/160756", "correlationVector":"DETCoOLdZnxbxq2nX9Ytv5.40","action":"GetUpdates", "result":"DeleteReceived", "context":{"id":"81534ba6-ffaa-4f63-8b8b-3ae7e4868bae", "isDeleted:":"true", "version":"1701165829123"}}
{"logTime": "0104/160756", "correlationVector":"DETCoOLdZnxbxq2nX9Ytv5.41","action":"GetUpdates", "result":"DeleteReceived", "context":{"id":"edfa3cfa-031e-4689-8543-b0f592ca386e", "isDeleted:":"true", "version":"1701165851096"}}
{"logTime": "0104/160756", "correlationVector":"DETCoOLdZnxbxq2nX9Ytv5.42","action":"GetUpdates", "result":"DeleteReceived", "context":{"id":"0da7a942-6f71-40c7-b6c1-2a928241dc49", "isDeleted:":"true", "version":"1701544961264"}}
{"logTime": "0104/160756", "correlationVector":"DETCoOLdZnxbxq2nX9Ytv5.43","action":"GetUpdates", "result":"DeleteReceived", "context":{"id":"675e2ea6-f887-45d6-a883-5316f954a0cf", "isDeleted:":"true", "version":"1701671200765"}}
{"logTime": "0104/160756", "correlationVector":"DETCoOLdZnxbxq2nX9Ytv5.44","action":"GetUpdates", "result":"DeleteReceived", "context":{"id":"b6bdc562-c15c-4609-b978-c623dd22c537", "isDeleted:":"true", "version":"1701673528262"}}
{"logTime": "0104/160756", "correlationVector":"DETCoOLdZnxbxq2nX9Ytv5.45","action":"GetUpdates", "result":"DeleteReceived", "context":{"id":"d8416fbf-715e-451b-b736-addaa8a7eca3", "isDeleted:":"true", "version":"1701674136972"}}
{"logTime": "0104/160756", "correlationVector":"DETCoOLdZnxbxq2nX9Ytv5.46","action":"GetUpdates", "result":"DeleteReceived", "context":{"id":"8fb06e81-26f6-4b69-928a-ac67c6c63999", "isDeleted:":"true", "version":"1701674136973"}}
{"logTime": "0104/160756", "correlationVector":"DETCoOLdZnxbxq2nX9Ytv5.47","action":"GetUpdates", "result":"DeleteReceived", "context":{"id":"7ac3ad54-9928-4258-a830-0747ded0cb74", "isDeleted:":"true", "version":"1701676843915"}}
{"logTime": "0104/160756", "correlationVector":"DETCoOLdZnxbxq2nX9Ytv5.48","action":"GetUpdates", "result":"DeleteReceived", "context":{"id":"d7b1bdf1-042d-4098-ba1c-bcb6219089a4", "isDeleted:":"true", "version":"1701774228784"}}
{"logTime": "0104/160756", "correlationVector":"DETCoOLdZnxbxq2nX9Ytv5.49","action":"GetUpdates", "result":"DeleteReceived", "context":{"id":"8995ac54-2c17-4d76-be39-9e5ac78066ba", "isDeleted:":"true", "version":"1701774795060"}}
{"logTime": "0104/160756", "correlationVector":"DETCoOLdZnxbxq2nX9Ytv5.50","action":"GetUpdates", "result":"DeleteReceived", "context":{"id":"d5a1e3f8-11d3-4cb8-b29c-41ba1cfaf723", "isDeleted:":"true", "version":"1701784617976"}}
{"logTime": "0104/160756", "correlationVector":"DETCoOLdZnxbxq2nX9Ytv5.51","action":"GetUpdates", "result":"DeleteReceived", "context":{"id":"f5450e99-2044-480e-bf61-135644517c90", "isDeleted:":"true", "version":"1701784617977"}}
{"logTime": "0104/160756", "correlationVector":"DETCoOLdZnxbxq2nX9Ytv5.52","action":"GetUpdates", "result":"DeleteReceived", "context":{"id":"20915943-0149-4cc9-a79c-fa475fd16178", "isDeleted:":"true", "version":"1701829644640"}}
{"logTime": "0104/160756", "correlationVector":"DETCoOLdZnxbxq2nX9Ytv5.53","action":"GetUpdates", "result":"DeleteReceived", "context":{"id":"07e04763-f7ca-43bd-a243-1c5944ee14b2", "isDeleted:":"true", "version":"1701829644641"}}
{"logTime": "0104/160756", "correlationVector":"DETCoOLdZnxbxq2nX9Ytv5.54","action":"GetUpdates", "result":"DeleteReceived", "context":{"id":"9c8efd1a-a756-455a-b5ac-c3b3ef46b37d", "isDeleted:":"true", "version":"1701859736049"}}
{"logTime": "0104/160756", "correlationVector":"DETCoOLdZnxbxq2nX9Ytv5.55","action":"GetUpdates", "result":"DeleteReceived", "context":{"id":"5002c26d-cb4a-4146-bc17-1cc2eb9847f9", "isDeleted:":"true", "version":"1701920051238"}}
{"logTime": "0104/160756", "correlationVector":"DETCoOLdZnxbxq2nX9Ytv5.56","action":"GetUpdates", "result":"DeleteReceived", "context":{"id":"092da5ad-ab21-4663-9ebf-28fc91d50b2b", "isDeleted:":"true", "version":"1701920051239"}}
{"logTime": "0104/160756", "correlationVector":"DETCoOLdZnxbxq2nX9Ytv5.57","action":"GetUpdates", "result":"DeleteReceived", "context":{"id":"62280f09-1ad9-491f-9c92-61a355429981", "isDeleted:":"true", "version":"1702018713935"}}
{"logTime": "0104/160756", "correlationVector":"DETCoOLdZnxbxq2nX9Ytv5.58","action":"GetUpdates", "result":"DeleteReceived", "context":{"id":"afc00eb5-b63d-4592-bfc8-015e7b36dd72", "isDeleted:":"true", "version":"1702222062975"}}
{"logTime": "0104/160756", "correlationVector":"DETCoOLdZnxbxq2nX9Ytv5.59","action":"GetUpdates", "result":"DeleteReceived", "context":{"id":"f337e69e-1f17-4733-bbca-6b9204860afc", "isDeleted:":"true", "version":"1702260278762"}}
{"logTime": "0104/160756", "correlationVector":"DETCoOLdZnxbxq2nX9Ytv5.60","action":"GetUpdates", "result":"DeleteReceived", "context":{"id":"3dd6b1ca-09b5-4fd0-8cea-81b1c476464a", "isDeleted:":"true", "version":"1702275014642"}}
{"logTime": "0104/160756", "correlationVector":"DETCoOLdZnxbxq2nX9Ytv5.61","action":"GetUpdates", "result":"DeleteReceived", "context":{"id":"3ef23f0c-8f7a-4c87-85ed-c12c69f25f58", "isDeleted:":"true", "version":"1702344266789"}}
{"logTime": "0104/160756", "correlationVector":"DETCoOLdZnxbxq2nX9Ytv5.62","action":"GetUpdates", "result":"DeleteReceived", "context":{"id":"d77789be-2d36-4ebe-8732-079ab3521d78", "isDeleted:":"true", "version":"1702346345698"}}
{"logTime": "0104/160756", "correlationVector":"DETCoOLdZnxbxq2nX9Ytv5.63","action":"GetUpdates", "result":"DeleteReceived", "context":{"id":"39867087-104c-4129-bb8d-6b1868767803", "isDeleted:":"true", "version":"1702346345699"}}
{"logTime": "0104/160756", "correlationVector":"DETCoOLdZnxbxq2nX9Ytv5.64","action":"GetUpdates", "result":"DeleteReceived", "context":{"id":"213d9d4d-5eca-40f9-8419-e6e510242fa7", "isDeleted:":"true", "version":"1702549564705"}}
{"logTime": "0104/160756", "correlationVector":"DETCoOLdZnxbxq2nX9Ytv5.65","action":"GetUpdates", "result":"DeleteReceived", "context":{"id":"57b2bbc3-e950-47e5-90f9-032d7f5ef336", "isDeleted:":"true", "version":"1702549564706"}}
{"logTime": "0104/160756", "correlationVector":"DETCoOLdZnxbxq2nX9Ytv5.66","action":"GetUpdates", "result":"DeleteReceived", "context":{"id":"88a0f300-b00b-4952-a159-7a485a34eeec", "isDeleted:":"true", "version":"1702549564707"}}
{"logTime": "0104/160756", "correlationVector":"DETCoOLdZnxbxq2nX9Ytv5.67","action":"GetUpdates", "result":"DeleteReceived", "context":{"id":"792a3b67-8391-4ad0-a6fc-0252c761c979", "isDeleted:":"true", "version":"1702549564708"}}
{"logTime": "0104/160756", "correlationVector":"DETCoOLdZnxbxq2nX9Ytv5.68","action":"GetUpdates", "result":"DeleteReceived", "context":{"id":"680fb4c9-e846-4169-9d19-5b69eae9b6b7", "isDeleted:":"true", "version":"1702549564709"}}
{"logTime": "0104/160756", "correlationVector":"DETCoOLdZnxbxq2nX9Ytv5.69","action":"GetUpdates", "result":"DeleteReceived", "context":{"id":"1909c5f0-d38d-486b-9f2d-7b31ff7e6ca6", "isDeleted:":"true", "version":"1702549564710"}}
{"logTime": "0104/160756", "correlationVector":"DETCoOLdZnxbxq2nX9Ytv5.70","action":"GetUpdates", "result":"DeleteReceived", "context":{"id":"32d74328-9591-4136-889a-1560978fa8af", "isDeleted:":"true", "version":"1702863791804"}}
{"logTime": "0104/160756", "correlationVector":"DETCoOLdZnxbxq2nX9Ytv5.71","action":"GetUpdates", "result":"DeleteReceived", "context":{"id":"2eb97133-7c8e-4343-a2b4-fa2a14bc4ba9", "isDeleted:":"true", "version":"1702926016623"}}
{"logTime": "0104/160756", "correlationVector":"DETCoOLdZnxbxq2nX9Ytv5.72","action":"GetUpdates", "result":"DeleteReceived", "context":{"id":"c378b5c6-e647-401b-bdbd-d00516cab033", "isDeleted:":"true", "version":"1703045954174"}}
{"logTime": "0104/160756", "correlationVector":"DETCoOLdZnxbxq2nX9Ytv5.73","action":"GetUpdates", "result":"DeleteReceived", "context":{"id":"6e9a4fc7-0f5c-4b48-80a3-97d328a49d1d", "isDeleted:":"true", "version":"1703045954175"}}
{"logTime": "0104/160756", "correlationVector":"DETCoOLdZnxbxq2nX9Ytv5.74","action":"GetUpdates", "result":"DeleteReceived", "context":{"id":"45d5b414-cb03-47d0-bd69-78dffba927d5", "isDeleted:":"true", "version":"1703442722502"}}
{"logTime": "0104/160756", "correlationVector":"DETCoOLdZnxbxq2nX9Ytv5.75","action":"GetUpdates", "result":"DeleteReceived", "context":{"id":"e9402eb3-d070-4800-a2cf-9bc780a82253", "isDeleted:":"true", "version":"1703442811094"}}
{"logTime": "0104/160756", "correlationVector":"DETCoOLdZnxbxq2nX9Ytv5.76","action":"GetUpdates", "result":"DeleteReceived", "context":{"id":"a8a5b365-bd11-41b9-ab34-4eb610d9675f", "isDeleted:":"true", "version":"1703444400916"}}
{"logTime": "0104/160756", "correlationVector":"DETCoOLdZnxbxq2nX9Ytv5.77","action":"GetUpdates", "result":"DeleteReceived", "context":{"id":"6a907f9a-e06e-427e-af18-8a5a0ecab81e", "isDeleted:":"true", "version":"1703448519845"}}
{"logTime": "0104/160756", "correlationVector":"DETCoOLdZnxbxq2nX9Ytv5.78","action":"GetUpdates", "result":"DeleteReceived", "context":{"id":"c789fd25-7077-47dc-9560-0bd6ee1b253d", "isDeleted:":"true", "version":"1703964323215"}}
{"logTime": "0104/160756", "correlationVector":"DETCoOLdZnxbxq2nX9Ytv5.79","action":"GetUpdates", "result":"DeleteReceived", "context":{"id":"83a5da27-a20c-4b65-b6b9-c528fd5af812", "isDeleted:":"true", "version":"1703964323216"}}
{"logTime": "0104/160756", "correlationVector":"DETCoOLdZnxbxq2nX9Ytv5.80","action":"GetUpdates", "result":"DeleteReceived", "context":{"id":"9164bc82-a575-4220-bfe1-7a351888ac8b", "isDeleted:":"true", "version":"1703964323217"}}
{"logTime": "0104/160756", "correlationVector":"DETCoOLdZnxbxq2nX9Ytv5.81","action":"GetUpdates", "result":"DeleteReceived", "context":{"id":"dc2bef1f-08cb-4102-828a-8cb30532a8f5", "isDeleted:":"true", "version":"1703964323218"}}
{"logTime": "0104/160756", "correlationVector":"DETCoOLdZnxbxq2nX9Ytv5.82","action":"GetUpdates", "result":"DeleteReceived", "context":{"id":"1589b32c-d2db-42fa-9dff-0984d7da7fa9", "isDeleted:":"true", "version":"1703964323219"}}
{"logTime": "0104/160756", "correlationVector":"DETCoOLdZnxbxq2nX9Ytv5.83","action":"GetUpdates", "result":"DeleteReceived", "context":{"id":"43c423ac-4a2b-4e00-9f88-e5e71f8b4b60", "isDeleted:":"true", "version":"1703964323220"}}
{"logTime": "0104/160756", "correlationVector":"DETCoOLdZnxbxq2nX9Ytv5.84","action":"GetUpdates", "result":"DeleteReceived", "context":{"id":"bce9f4dc-5e32-4671-9778-3e257e663780", "isDeleted:":"true", "version":"1703965428808"}}
{"logTime": "0104/160756", "correlationVector":"DETCoOLdZnxbxq2nX9Ytv5.85","action":"GetUpdates", "result":"DeleteReceived", "context":{"id":"19916699-2c73-4c9f-a9be-e7f3b553be76", "isDeleted:":"true", "version":"1703965428809"}}
{"logTime": "0104/160756", "correlationVector":"DETCoOLdZnxbxq2nX9Ytv5.86","action":"GetUpdates", "result":"DeleteReceived", "context":{"id":"bb16e255-95e0-405a-be78-9ff6ab55b80a", "isDeleted:":"true", "version":"1704175856443"}}
{"logTime": "0104/160756", "correlationVector":"DETCoOLdZnxbxq2nX9Ytv5.87","action":"GetUpdates", "result":"DeleteReceived", "context":{"id":"1925a348-c2e1-4f8d-af80-1a98c276976c", "isDeleted:":"true", "version":"1704177854767"}}
{"logTime": "0104/160756", "correlationVector":"DETCoOLdZnxbxq2nX9Ytv5.88","action":"GetUpdates", "result":"DeleteReceived", "context":{"id":"633ab9c5-86ab-4b0f-be23-4564cb48606b", "isDeleted:":"true", "version":"1704178691039"}}
{"logTime": "0104/160756", "correlationVector":"DETCoOLdZnxbxq2nX9Ytv5.89","action":"GetUpdates", "result":"DeleteReceived", "context":{"id":"65944fb8-f899-4c89-85c4-a825446d4498", "isDeleted:":"true", "version":"1704289759738"}}
{"logTime": "0104/160756", "correlationVector":"DETCoOLdZnxbxq2nX9Ytv5.90","action":"GetUpdates", "result":"DeleteReceived", "context":{"id":"54b6ea84-5d8f-45da-ba71-d3677e15ca73", "isDeleted:":"true", "version":"1704372514476"}}
{"logTime": "0104/160756", "correlationVector":"DETCoOLdZnxbxq2nX9Ytv5.91","action":"GetUpdates", "result":"DeleteReceived", "context":{"id":"0f759be8-78be-4785-a60a-9a557d706740", "isDeleted:":"true", "version":"1704372514477"}}
{"logTime": "0104/160756", "correlationVector":"DETCoOLdZnxbxq2nX9Ytv5.92","action":"GetUpdates Response", "result":"SYNCER_OK", "context":Received 136 update(s). cV=DETCoOLdZnxbxq2nX9Ytv5.0;server=GENERAL0100000B;cloudType=Consumer;environment=Prod_SoutheastAsia_000j;migrationStage=NotStarted}
{"logTime": "0104/160756", "correlationVector":"pFn4H73RefuLNxHdwDlP3n","action":"Normal GetUpdate request", "result":"", "context":cV=pFn4H73RefuLNxHdwDlP3n
Nudged types: Sessions, Device Info
Refresh requested types: Bookmarks, Preferences, Passwords, Autofill Profiles, Autofill, Autofill Custom Data, Typed URLs, Extensions, Sessions, Extension settings, History Delete Directives, Device Info, User Consents, Send Tab To Self, Web Apps, Collection, Edge E Drop, Edge Hub App Usage, Edge Wallet, Encryption Keys}
{"logTime": "0104/160756", "correlationVector":"pFn4H73RefuLNxHdwDlP3n.1","action":"SyncServerConnectionManagerRequest", "result":"SYNC_SERVER_OK", "context":{"environment":"Prod_SoutheastAsia_000j", "migrationStage":"NotStarted", "server":"GENERAL0300000V"}}
{"logTime": "0104/160756", "correlationVector":"pFn4H73RefuLNxHdwDlP3n.2","action":"GetUpdates Response", "result":"SYNCER_OK", "context":Received 0 update(s). cV=pFn4H73RefuLNxHdwDlP3n.0;server=GENERAL0300000V;cloudType=Consumer;environment=Prod_SoutheastAsia_000j;migrationStage=NotStarted}
{"logTime": "0104/160756", "correlationVector":"WrV9n3hO0vwGzwUqjsmQiL","action":"Commit Request", "result":"", "context":Item count: 1
Contributing types: Device Info}
{"logTime": "0104/160757", "correlationVector":"WrV9n3hO0vwGzwUqjsmQiL.1","action":"SyncServerConnectionManagerRequest", "result":"SYNC_SERVER_OK", "context":{"environment":"Prod_SoutheastAsia_000j", "migrationStage":"NotStarted", "server":"GENERAL01000001"}}
{"logTime": "0104/160757", "correlationVector":"WrV9n3hO0vwGzwUqjsmQiL.2","action":"Commit Response", "result":"SYNCER_OK", "context":Result: SYNCER_OK. cV=WrV9n3hO0vwGzwUqjsmQiL.0;server=GENERAL01000001;cloudType=Consumer;environment=Prod_SoutheastAsia_000j;migrationStage=NotStarted}
{"logTime": "0104/160757", "correlationVector":"NgZLKMLyAEAVZT22Tmrof/","action":"Commit Request", "result":"", "context":Item count: 2
Contributing types: Sessions}
{"logTime": "0104/160757", "correlationVector":"NgZLKMLyAEAVZT22Tmrof/.1","action":"SyncServerConnectionManagerRequest", "result":"SYNC_SERVER_OK", "context":{"environment":"Prod_SoutheastAsia_000j", "migrationStage":"NotStarted", "server":"GENERAL0100000M"}}
{"logTime": "0104/160757", "correlationVector":"NgZLKMLyAEAVZT22Tmrof/.2","action":"Commit Response", "result":"SYNCER_OK", "context":Result: SYNCER_OK. cV=NgZLKMLyAEAVZT22Tmrof/.0;server=GENERAL0100000M;cloudType=Consumer;environment=Prod_SoutheastAsia_000j;migrationStage=NotStarted}
{"logTime": "0104/161002", "correlationVector":"xrqhJtc24xUMZVp4AmvbMF","action":"Commit Request", "result":"", "context":Item count: 1
Contributing types: Sessions}
{"logTime": "0104/161002", "correlationVector":"xrqhJtc24xUMZVp4AmvbMF.1","action":"SyncServerConnectionManagerRequest", "result":"SYNC_SERVER_OK", "context":{"environment":"Prod_SoutheastAsia_000j", "migrationStage":"NotStarted", "server":"GENERAL01000001"}}
{"logTime": "0104/161002", "correlationVector":"xrqhJtc24xUMZVp4AmvbMF.2","action":"Commit Response", "result":"SYNCER_OK", "context":Result: SYNCER_OK. cV=xrqhJtc24xUMZVp4AmvbMF.0;server=GENERAL01000001;cloudType=Consumer;environment=Prod_SoutheastAsia_000j;migrationStage=NotStarted}
{"logTime": "0104/161033", "correlationVector":"wbTkUm9x1Y/yLbBmAgwGPM","action":"Commit Request", "result":"", "context":Item count: 1
Contributing types: Sessions}
{"logTime": "0104/161033", "correlationVector":"wbTkUm9x1Y/yLbBmAgwGPM.1","action":"SyncServerConnectionManagerRequest", "result":"SYNC_SERVER_OK", "context":{"environment":"Prod_SoutheastAsia_000j", "migrationStage":"NotStarted", "server":"GENERAL01000016"}}
{"logTime": "0104/161033", "correlationVector":"wbTkUm9x1Y/yLbBmAgwGPM.2","action":"Commit Response", "result":"SYNCER_OK", "context":Result: SYNCER_OK. cV=wbTkUm9x1Y/yLbBmAgwGPM.0;server=GENERAL01000016;cloudType=Consumer;environment=Prod_SoutheastAsia_000j;migrationStage=NotStarted}
{"logTime": "0104/161105", "correlationVector":"6AwQN/rCH2fp8U9zdhFgEi","action":"Commit Request", "result":"", "context":Item count: 1
Contributing types: Sessions}
{"logTime": "0104/161105", "correlationVector":"6AwQN/rCH2fp8U9zdhFgEi.1","action":"SyncServerConnectionManagerRequest", "result":"SYNC_SERVER_OK", "context":{"environment":"Prod_EastAsia_000d", "migrationStage":"NotStarted", "server":"GENERAL0100001U"}}
{"logTime": "0104/161105", "correlationVector":"6AwQN/rCH2fp8U9zdhFgEi.2","action":"Commit Response", "result":"SYNCER_OK", "context":Result: SYNCER_OK. cV=6AwQN/rCH2fp8U9zdhFgEi.0;server=GENERAL0100001U;cloudType=Consumer;environment=Prod_EastAsia_000d;migrationStage=NotStarted}
